2026-02-26 10:35:56,686 - root - INFO - Estado y variables cargados desde C:\RPA\CE_FI_DA_1121_GESTION_CONTABILIZACION_ACTIVOS_FIJOS\Data\json\checkpoint.json
2026-02-26 10:35:56,688 - root - INFO - El archivo de entrada 'C:\CE_FI_DA_1121_Archivos_de_Entrada\Relacion.Cuentas.Dependencias.xlsx' está disponible.
2026-02-26 10:35:57,155 - root - INFO - Conexión exitosa a Internet. Latencia: 466.33 ms.
2026-02-26 10:37:28,225 - root - INFO - Paso 1 completado: verificación de 2A.
2026-02-26 10:38:55,585 - root - WARNING - posible falla en espera de elementos para la descarga del archivo
2026-02-26 10:38:56,099 - root - WARNING - posible falla en espera de elementos para la descarga del archivo
2026-02-26 10:38:57,689 - root - ERROR - No se encontró la palabra 'total' en el último tr.
2026-02-26 10:38:58,196 - root - ERROR - No se encontró la palabra 'total' en el último tr.
2026-02-26 10:39:08,312 - root - ERROR - Timeout: El elemento con identificador '//*[@id="WebMenuBar"]/tbody/tr/td[1]/table/tbody/tr[2]/td' no es visible o clickeable en 10 segundos.
2026-02-26 10:39:08,700 - root - INFO - Descarga completada para #compańía 00598. Archivos encontrados.
2026-02-26 10:39:23,516 - root - ERROR - Timeout: El elemento con identificador 'C0_89' no es visible o clickeable en 10 segundos.
2026-02-26 10:39:23,517 - root - WARNING - No se encontraron archivos en la carpeta para #compańía 00533. Intentando de nuevo.
2026-02-26 10:39:23,517 - root - INFO - Reintentando descarga para #compańía 00533... (Intento 1/3)
2026-02-26 10:39:41,423 - root - INFO - Descarga completada para #compańía 00534. Archivos encontrados.
2026-02-26 10:40:08,028 - root - ERROR - Timeout: El elemento con identificador '//*[@id="WebMenuBar"]/tbody/tr/td[1]/table/tbody/tr[2]/td' no es visible o clickeable en 10 segundos.
2026-02-26 10:40:13,209 - root - WARNING - No se encontraron archivos en la carpeta para #compańía 00533. Intentando de nuevo.
2026-02-26 10:40:13,209 - root - INFO - Reintentando descarga para #compańía 00533... (Intento 2/3)
2026-02-26 10:40:23,263 - root - ERROR - Error: no se ha encontrado los informes, archivo final incompleto
2026-02-26 10:43:15,537 - root - INFO - Estado y variables cargados desde C:\RPA\CE_FI_DA_1121_GESTION_CONTABILIZACION_ACTIVOS_FIJOS\Data\json\checkpoint.json
2026-02-26 10:43:15,537 - root - INFO - El archivo de entrada 'C:\CE_FI_DA_1121_Archivos_de_Entrada\Relacion.Cuentas.Dependencias.xlsx' está disponible.
2026-02-26 10:43:15,882 - root - INFO - Conexión exitosa a Internet. Latencia: 344.11 ms.
2026-02-26 10:43:56,427 - root - WARNING - no se encontraron registros
2026-02-26 10:43:59,899 - root - INFO - Paso 1 completado: verificación de 2A.
2026-02-26 10:44:01,903 - root - INFO - Descarga completada para #compańía 00534. Archivos encontrados.
2026-02-26 10:44:03,904 - root - INFO - Descarga completada para #compańía 00598. Archivos encontrados.
2026-02-26 10:44:50,117 - root - ERROR - Timeout: El elemento con identificador '//*[@id="WebMenuBar"]/tbody/tr/td[1]/table/tbody/tr[2]/td' no es visible o clickeable en 10 segundos.
2026-02-26 10:44:55,312 - root - WARNING - No se encontraron archivos en la carpeta para #compańía 00533. Intentando de nuevo.
2026-02-26 10:44:55,312 - root - INFO - Reintentando descarga para #compańía 00533... (Intento 1/3)
2026-02-26 10:45:05,321 - root - ERROR - Error: no se ha encontrado los informes, archivo final incompleto
2026-02-26 11:12:52,401 - root - INFO - Estado y variables cargados desde C:\RPA\CE_FI_DA_1121_GESTION_CONTABILIZACION_ACTIVOS_FIJOS\Data\json\checkpoint.json
2026-02-26 11:12:52,416 - root - INFO - El archivo de entrada 'C:\CE_FI_DA_1121_Archivos_de_Entrada\Relacion.Cuentas.Dependencias.xlsx' está disponible.
2026-02-26 11:12:52,794 - root - INFO - Conexión exitosa a Internet. Latencia: 378.36 ms.
2026-02-26 11:13:37,884 - root - WARNING - no se encontraron registros
2026-02-26 11:13:41,111 - root - INFO - Paso 1 completado: verificación de 2A.
2026-02-26 11:14:22,136 - root - INFO - Descarga completada para #compańía 00598. Archivos encontrados.
2026-02-26 11:14:29,230 - root - INFO - Descarga completada para #compańía 00533. Archivos encontrados.
2026-02-26 11:14:30,309 - root - WARNING - posible falla en espera de elementos para la descarga del archivo
2026-02-26 11:14:32,370 - root - ERROR - No se encontró la palabra 'total' en el último tr.
2026-02-26 11:14:42,742 - root - ERROR - Timeout: El elemento con identificador '//*[@id="WebMenuBar"]/tbody/tr/td[1]/table/tbody/tr[2]/td' no es visible o clickeable en 10 segundos.
2026-02-26 11:14:47,865 - root - WARNING - No se encontraron archivos en la carpeta para #compańía 00534. Intentando de nuevo.
2026-02-26 11:14:47,866 - root - INFO - Reintentando descarga para #compańía 00534... (Intento 1/3)
2026-02-26 11:14:57,900 - root - ERROR - Error: no se ha encontrado los informes, archivo final incompleto
2026-02-26 11:17:25,746 - root - INFO - Estado y variables cargados desde C:\RPA\CE_FI_DA_1121_GESTION_CONTABILIZACION_ACTIVOS_FIJOS\Data\json\checkpoint.json
2026-02-26 11:17:25,746 - root - INFO - El archivo de entrada 'C:\CE_FI_DA_1121_Archivos_de_Entrada\Relacion.Cuentas.Dependencias.xlsx' está disponible.
2026-02-26 11:17:26,239 - root - INFO - Conexión exitosa a Internet. Latencia: 492.83 ms.
2026-02-26 11:17:56,165 - root - WARNING - no se encontraron registros
2026-02-26 11:17:59,895 - root - INFO - Paso 1 completado: verificación de 2A.
2026-02-26 11:17:59,896 - root - INFO - Descarga completada para #compańía 00533. Archivos encontrados.
2026-02-26 11:18:03,898 - root - INFO - Descarga completada para #compańía 00598. Archivos encontrados.
2026-02-26 11:18:54,187 - root - ERROR - No se encontró la palabra 'total' en el último tr.
2026-02-26 11:19:00,185 - root - INFO - Descarga completada para #compańía 00534. Archivos encontrados.
2026-02-26 11:19:03,931 - root - INFO - archivo guardado correctamente en: C:\CE_FI_DA_1121_Archivos_de_Salida\Febrero\26-11am\Transacciones pendientes por contabilizar en el filtro_26-Febrero-2026_11am.xlsx
2026-02-26 11:19:04,338 - root - INFO - Se guardo el archivo correctamente
2026-02-26 11:19:05,057 - root - INFO - El archivo ha sido actualizado en la hoja con los cambios realizados en 'Responsable'.
2026-02-26 11:19:44,642 - root - ERROR - Timeout: El elemento con identificador '//*[@id="C0_52"]' no es visible o clickeable en 10 segundos.
2026-02-26 11:29:36,893 - root - INFO - archivo guardado correctamente, por favor revisar la ruta: C:\CE_FI_DA_1121_Archivos_de_Salida\Febrero\26-11am\Transacciones pendientes por contabilizar en el filtro_26-Febrero-2026_11am.xlsx
