2026-04-30 08:37:49,462 - root - INFO - Estado y variables cargados desde C:\RPA\CE_FI_DA_1121_GESTION_CONTABILIZACION_ACTIVOS_FIJOS\Data\json\checkpoint.json
2026-04-30 08:37:49,474 - root - INFO - El archivo de entrada 'C:\CE_FI_DA_1121_Archivos_de_Entrada\Relacion.Cuentas.Dependencias.xlsx' estß disponible.
2026-04-30 08:37:49,883 - root - INFO - Conexiˇn exitosa a Internet. Latencia: 408.26 ms.
2026-04-30 08:38:00,199 - root - INFO - No hay sesiˇn activa. Realizando login automßtico.
2026-04-30 08:39:31,168 - root - INFO - Paso 1 completado: verificaciˇn de 2A.
2026-04-30 08:41:20,126 - root - ERROR - Error en descarga del informe de #compania 00534: Message: stale element reference: stale element not found
  (Session info: chrome=147.0.7727.117); For documentation on this error, please visit: https://www.selenium.dev/documentation/webdriver/troubleshooting/errors#staleelementreferenceexception
Stacktrace:
	chromedriver!GetHandleVerifier [0x7ff6e43929c5+2ed785]
	chromedriver!GetHandleVerifier [0x7ff6e40ba0d0+14e90]
	chromedriver!(No symbol) [0x7ff6e3e1db2d]
	chromedriver!(No symbol) [0x7ff6e3e3523e]
	chromedriver!(No symbol) [0x7ff6e3e33940]
	chromedriver!(No symbol) [0x7ff6e3e2677d]
	chromedriver!(No symbol) [0x7ff6e3e268f7]
	chromedriver!(No symbol) [0x7ff6e3e2450e]
	chromedriver!(No symbol) [0x7ff6e3e28f5f]
	chromedriver!(No symbol) [0x7ff6e3ec4f41]
	chromedriver!(No symbol) [0x7ff6e3e9ff8a]
	chromedriver!(No symbol) [0x7ff6e3ec3b9b]
	chromedriver!(No symbol) [0x7ff6e3e69298]
	chromedriver!(No symbol) [0x7ff6e3e6a183]
	chromedriver!GetHandleVerifier [0x7ff6e43bde0d+318bcd]
	chromedriver!GetHandleVerifier [0x7ff6e43b8588+313348]
	chromedriver!GetHandleVerifier [0x7ff6e43d9d7a+334b3a]
	chromedriver!GetHandleVerifier [0x7ff6e40d6785+31545]
	chromedriver!GetHandleVerifier [0x7ff6e40dfacc+3a88c]
	chromedriver!GetHandleVerifier [0x7ff6e40c3634+1e3f4]
	chromedriver!GetHandleVerifier [0x7ff6e40c37e6+1e5a6]
	chromedriver!GetHandleVerifier [0x7ff6e40a7e37+2bf7]
	KERNEL32!BaseThreadInitThunk [0x7ffff6e7e8d7+17]
	ntdll!RtlUserThreadStart [0x7ffff7c4c53c+2c]

2026-04-30 08:41:20,127 - root - INFO - Reintentando para #compa˝Ýa 00534... (Intento 1/3)
2026-04-30 08:41:39,236 - root - INFO - Descarga completada para #compa˝Ýa 00598. Archivos encontrados.
2026-04-30 08:41:59,717 - root - INFO - Descarga completada para #compa˝Ýa 00533. Archivos encontrados.
2026-04-30 08:42:00,124 - root - INFO - Descarga completada para #compa˝Ýa 00534. Archivos encontrados.
2026-04-30 08:42:07,118 - root - INFO - archivo guardado correctamente en: C:\CE_FI_DA_1121_Archivos_de_Salida\Abril\30-08am\Transacciones pendientes por contabilizar en el filtro_30-Abril-2026_08am.xlsx
2026-04-30 08:42:07,689 - root - INFO - Se guardo el archivo correctamente
2026-04-30 08:42:08,667 - root - INFO - El archivo ha sido actualizado en la hoja con los cambios realizados en 'Responsable'.
2026-04-30 08:46:43,652 - root - ERROR - Timeout: El elemento con identificador '//*[@id="C0_8"]' no es visible o clickeable en 10 segundos.
2026-04-30 08:46:46,023 - root - ERROR - Timeout: El elemento con identificador '//*[@id="C0_8"]' no es visible o clickeable en 10 segundos.
2026-04-30 08:46:46,769 - root - ERROR - Timeout: El elemento con identificador '//*[@id="C0_8"]' no es visible o clickeable en 10 segundos.
2026-04-30 08:47:26,482 - root - ERROR - Error escribiendo texto en JDE (//*[@id='qbeRow0_1']/td[@colindex='0']/div/nobr/input): Message: 
Stacktrace:
	chromedriver!GetHandleVerifier [0x7ff6e43929c5+2ed785]
	chromedriver!GetHandleVerifier [0x7ff6e40ba0d0+14e90]
	chromedriver!(No symbol) [0x7ff6e3e1db2d]
	chromedriver!(No symbol) [0x7ff6e3e76b9e]
	chromedriver!(No symbol) [0x7ff6e3e76eac]
	chromedriver!(No symbol) [0x7ff6e3ec6fe7]
	chromedriver!(No symbol) [0x7ff6e3ec3b9b]
	chromedriver!(No symbol) [0x7ff6e3e69298]
	chromedriver!(No symbol) [0x7ff6e3e6a183]
	chromedriver!GetHandleVerifier [0x7ff6e43bde0d+318bcd]
	chromedriver!GetHandleVerifier [0x7ff6e43b8588+313348]
	chromedriver!GetHandleVerifier [0x7ff6e43d9d7a+334b3a]
	chromedriver!GetHandleVerifier [0x7ff6e40d6785+31545]
	chromedriver!GetHandleVerifier [0x7ff6e40dfacc+3a88c]
	chromedriver!GetHandleVerifier [0x7ff6e40c3634+1e3f4]
	chromedriver!GetHandleVerifier [0x7ff6e40c37e6+1e5a6]
	chromedriver!GetHandleVerifier [0x7ff6e40a7e37+2bf7]
	KERNEL32!BaseThreadInitThunk [0x7ffff6e7e8d7+17]
	ntdll!RtlUserThreadStart [0x7ffff7c4c53c+2c]

2026-04-30 08:47:29,007 - root - ERROR - Error escribiendo texto en JDE (//*[@id='qbeRow0_1']/td[@colindex='0']/div/nobr/input): Message: 
Stacktrace:
	chromedriver!GetHandleVerifier [0x7ff6e43929c5+2ed785]
	chromedriver!GetHandleVerifier [0x7ff6e40ba0d0+14e90]
	chromedriver!(No symbol) [0x7ff6e3e1db2d]
	chromedriver!(No symbol) [0x7ff6e3e76b9e]
	chromedriver!(No symbol) [0x7ff6e3e76eac]
	chromedriver!(No symbol) [0x7ff6e3ec6fe7]
	chromedriver!(No symbol) [0x7ff6e3ec3b9b]
	chromedriver!(No symbol) [0x7ff6e3e69298]
	chromedriver!(No symbol) [0x7ff6e3e6a183]
	chromedriver!GetHandleVerifier [0x7ff6e43bde0d+318bcd]
	chromedriver!GetHandleVerifier [0x7ff6e43b8588+313348]
	chromedriver!GetHandleVerifier [0x7ff6e43d9d7a+334b3a]
	chromedriver!GetHandleVerifier [0x7ff6e40d6785+31545]
	chromedriver!GetHandleVerifier [0x7ff6e40dfacc+3a88c]
	chromedriver!GetHandleVerifier [0x7ff6e40c3634+1e3f4]
	chromedriver!GetHandleVerifier [0x7ff6e40c37e6+1e5a6]
	chromedriver!GetHandleVerifier [0x7ff6e40a7e37+2bf7]
	KERNEL32!BaseThreadInitThunk [0x7ffff6e7e8d7+17]
	ntdll!RtlUserThreadStart [0x7ffff7c4c53c+2c]

2026-04-30 08:47:29,734 - root - ERROR - Error escribiendo texto en JDE (//*[@id='qbeRow0_1']/td[@colindex='0']/div/nobr/input): Message: 
Stacktrace:
	chromedriver!GetHandleVerifier [0x7ff6e43929c5+2ed785]
	chromedriver!GetHandleVerifier [0x7ff6e40ba0d0+14e90]
	chromedriver!(No symbol) [0x7ff6e3e1db2d]
	chromedriver!(No symbol) [0x7ff6e3e76b9e]
	chromedriver!(No symbol) [0x7ff6e3e76eac]
	chromedriver!(No symbol) [0x7ff6e3ec6fe7]
	chromedriver!(No symbol) [0x7ff6e3ec3b9b]
	chromedriver!(No symbol) [0x7ff6e3e69298]
	chromedriver!(No symbol) [0x7ff6e3e6a183]
	chromedriver!GetHandleVerifier [0x7ff6e43bde0d+318bcd]
	chromedriver!GetHandleVerifier [0x7ff6e43b8588+313348]
	chromedriver!GetHandleVerifier [0x7ff6e43d9d7a+334b3a]
	chromedriver!GetHandleVerifier [0x7ff6e40d6785+31545]
	chromedriver!GetHandleVerifier [0x7ff6e40dfacc+3a88c]
	chromedriver!GetHandleVerifier [0x7ff6e40c3634+1e3f4]
	chromedriver!GetHandleVerifier [0x7ff6e40c37e6+1e5a6]
	chromedriver!GetHandleVerifier [0x7ff6e40a7e37+2bf7]
	KERNEL32!BaseThreadInitThunk [0x7ffff6e7e8d7+17]
	ntdll!RtlUserThreadStart [0x7ffff7c4c53c+2c]

2026-04-30 08:48:07,326 - root - ERROR - Timeout: El elemento con identificador '//*[@id="C0_8"]' no es visible o clickeable en 10 segundos.
2026-04-30 08:48:09,992 - root - ERROR - Timeout: El elemento con identificador '//*[@id="C0_8"]' no es visible o clickeable en 10 segundos.
2026-04-30 08:48:10,746 - root - ERROR - Timeout: El elemento con identificador '//*[@id="C0_8"]' no es visible o clickeable en 10 segundos.
2026-04-30 08:48:50,141 - root - ERROR - Error escribiendo texto en JDE (//*[@id='qbeRow0_1']/td[@colindex='0']/div/nobr/input): Message: 
Stacktrace:
	chromedriver!GetHandleVerifier [0x7ff6e43929c5+2ed785]
	chromedriver!GetHandleVerifier [0x7ff6e40ba0d0+14e90]
	chromedriver!(No symbol) [0x7ff6e3e1db2d]
	chromedriver!(No symbol) [0x7ff6e3e76b9e]
	chromedriver!(No symbol) [0x7ff6e3e76eac]
	chromedriver!(No symbol) [0x7ff6e3ec6fe7]
	chromedriver!(No symbol) [0x7ff6e3ec3b9b]
	chromedriver!(No symbol) [0x7ff6e3e69298]
	chromedriver!(No symbol) [0x7ff6e3e6a183]
	chromedriver!GetHandleVerifier [0x7ff6e43bde0d+318bcd]
	chromedriver!GetHandleVerifier [0x7ff6e43b8588+313348]
	chromedriver!GetHandleVerifier [0x7ff6e43d9d7a+334b3a]
	chromedriver!GetHandleVerifier [0x7ff6e40d6785+31545]
	chromedriver!GetHandleVerifier [0x7ff6e40dfacc+3a88c]
	chromedriver!GetHandleVerifier [0x7ff6e40c3634+1e3f4]
	chromedriver!GetHandleVerifier [0x7ff6e40c37e6+1e5a6]
	chromedriver!GetHandleVerifier [0x7ff6e40a7e37+2bf7]
	KERNEL32!BaseThreadInitThunk [0x7ffff6e7e8d7+17]
	ntdll!RtlUserThreadStart [0x7ffff7c4c53c+2c]

2026-04-30 08:48:52,991 - root - ERROR - Error escribiendo texto en JDE (//*[@id='qbeRow0_1']/td[@colindex='0']/div/nobr/input): Message: 
Stacktrace:
	chromedriver!GetHandleVerifier [0x7ff6e43929c5+2ed785]
	chromedriver!GetHandleVerifier [0x7ff6e40ba0d0+14e90]
	chromedriver!(No symbol) [0x7ff6e3e1db2d]
	chromedriver!(No symbol) [0x7ff6e3e76b9e]
	chromedriver!(No symbol) [0x7ff6e3e76eac]
	chromedriver!(No symbol) [0x7ff6e3ec6fe7]
	chromedriver!(No symbol) [0x7ff6e3ec3b9b]
	chromedriver!(No symbol) [0x7ff6e3e69298]
	chromedriver!(No symbol) [0x7ff6e3e6a183]
	chromedriver!GetHandleVerifier [0x7ff6e43bde0d+318bcd]
	chromedriver!GetHandleVerifier [0x7ff6e43b8588+313348]
	chromedriver!GetHandleVerifier [0x7ff6e43d9d7a+334b3a]
	chromedriver!GetHandleVerifier [0x7ff6e40d6785+31545]
	chromedriver!GetHandleVerifier [0x7ff6e40dfacc+3a88c]
	chromedriver!GetHandleVerifier [0x7ff6e40c3634+1e3f4]
	chromedriver!GetHandleVerifier [0x7ff6e40c37e6+1e5a6]
	chromedriver!GetHandleVerifier [0x7ff6e40a7e37+2bf7]
	KERNEL32!BaseThreadInitThunk [0x7ffff6e7e8d7+17]
	ntdll!RtlUserThreadStart [0x7ffff7c4c53c+2c]

2026-04-30 08:48:53,731 - root - ERROR - Error escribiendo texto en JDE (//*[@id='qbeRow0_1']/td[@colindex='0']/div/nobr/input): Message: 
Stacktrace:
	chromedriver!GetHandleVerifier [0x7ff6e43929c5+2ed785]
	chromedriver!GetHandleVerifier [0x7ff6e40ba0d0+14e90]
	chromedriver!(No symbol) [0x7ff6e3e1db2d]
	chromedriver!(No symbol) [0x7ff6e3e76b9e]
	chromedriver!(No symbol) [0x7ff6e3e76eac]
	chromedriver!(No symbol) [0x7ff6e3ec6fe7]
	chromedriver!(No symbol) [0x7ff6e3ec3b9b]
	chromedriver!(No symbol) [0x7ff6e3e69298]
	chromedriver!(No symbol) [0x7ff6e3e6a183]
	chromedriver!GetHandleVerifier [0x7ff6e43bde0d+318bcd]
	chromedriver!GetHandleVerifier [0x7ff6e43b8588+313348]
	chromedriver!GetHandleVerifier [0x7ff6e43d9d7a+334b3a]
	chromedriver!GetHandleVerifier [0x7ff6e40d6785+31545]
	chromedriver!GetHandleVerifier [0x7ff6e40dfacc+3a88c]
	chromedriver!GetHandleVerifier [0x7ff6e40c3634+1e3f4]
	chromedriver!GetHandleVerifier [0x7ff6e40c37e6+1e5a6]
	chromedriver!GetHandleVerifier [0x7ff6e40a7e37+2bf7]
	KERNEL32!BaseThreadInitThunk [0x7ffff6e7e8d7+17]
	ntdll!RtlUserThreadStart [0x7ffff7c4c53c+2c]

2026-04-30 08:49:30,976 - root - ERROR - Timeout: El elemento con identificador '//*[@id="C0_8"]' no es visible o clickeable en 10 segundos.
2026-04-30 08:49:34,034 - root - ERROR - Timeout: El elemento con identificador '//*[@id="C0_8"]' no es visible o clickeable en 10 segundos.
2026-04-30 08:49:34,740 - root - ERROR - Timeout: El elemento con identificador '//*[@id="C0_8"]' no es visible o clickeable en 10 segundos.
2026-04-30 08:50:13,854 - root - ERROR - Error escribiendo texto en JDE (//*[@id='qbeRow0_1']/td[@colindex='0']/div/nobr/input): Message: 
Stacktrace:
	chromedriver!GetHandleVerifier [0x7ff6e43929c5+2ed785]
	chromedriver!GetHandleVerifier [0x7ff6e40ba0d0+14e90]
	chromedriver!(No symbol) [0x7ff6e3e1db2d]
	chromedriver!(No symbol) [0x7ff6e3e76b9e]
	chromedriver!(No symbol) [0x7ff6e3e76eac]
	chromedriver!(No symbol) [0x7ff6e3ec6fe7]
	chromedriver!(No symbol) [0x7ff6e3ec3b9b]
	chromedriver!(No symbol) [0x7ff6e3e69298]
	chromedriver!(No symbol) [0x7ff6e3e6a183]
	chromedriver!GetHandleVerifier [0x7ff6e43bde0d+318bcd]
	chromedriver!GetHandleVerifier [0x7ff6e43b8588+313348]
	chromedriver!GetHandleVerifier [0x7ff6e43d9d7a+334b3a]
	chromedriver!GetHandleVerifier [0x7ff6e40d6785+31545]
	chromedriver!GetHandleVerifier [0x7ff6e40dfacc+3a88c]
	chromedriver!GetHandleVerifier [0x7ff6e40c3634+1e3f4]
	chromedriver!GetHandleVerifier [0x7ff6e40c37e6+1e5a6]
	chromedriver!GetHandleVerifier [0x7ff6e40a7e37+2bf7]
	KERNEL32!BaseThreadInitThunk [0x7ffff6e7e8d7+17]
	ntdll!RtlUserThreadStart [0x7ffff7c4c53c+2c]

2026-04-30 08:50:16,927 - root - ERROR - Error escribiendo texto en JDE (//*[@id='qbeRow0_1']/td[@colindex='0']/div/nobr/input): Message: 
Stacktrace:
	chromedriver!GetHandleVerifier [0x7ff6e43929c5+2ed785]
	chromedriver!GetHandleVerifier [0x7ff6e40ba0d0+14e90]
	chromedriver!(No symbol) [0x7ff6e3e1db2d]
	chromedriver!(No symbol) [0x7ff6e3e76b9e]
	chromedriver!(No symbol) [0x7ff6e3e76eac]
	chromedriver!(No symbol) [0x7ff6e3ec6fe7]
	chromedriver!(No symbol) [0x7ff6e3ec3b9b]
	chromedriver!(No symbol) [0x7ff6e3e69298]
	chromedriver!(No symbol) [0x7ff6e3e6a183]
	chromedriver!GetHandleVerifier [0x7ff6e43bde0d+318bcd]
	chromedriver!GetHandleVerifier [0x7ff6e43b8588+313348]
	chromedriver!GetHandleVerifier [0x7ff6e43d9d7a+334b3a]
	chromedriver!GetHandleVerifier [0x7ff6e40d6785+31545]
	chromedriver!GetHandleVerifier [0x7ff6e40dfacc+3a88c]
	chromedriver!GetHandleVerifier [0x7ff6e40c3634+1e3f4]
	chromedriver!GetHandleVerifier [0x7ff6e40c37e6+1e5a6]
	chromedriver!GetHandleVerifier [0x7ff6e40a7e37+2bf7]
	KERNEL32!BaseThreadInitThunk [0x7ffff6e7e8d7+17]
	ntdll!RtlUserThreadStart [0x7ffff7c4c53c+2c]

2026-04-30 08:50:17,802 - root - ERROR - Error escribiendo texto en JDE (//*[@id='qbeRow0_1']/td[@colindex='0']/div/nobr/input): Message: 
Stacktrace:
	chromedriver!GetHandleVerifier [0x7ff6e43929c5+2ed785]
	chromedriver!GetHandleVerifier [0x7ff6e40ba0d0+14e90]
	chromedriver!(No symbol) [0x7ff6e3e1db2d]
	chromedriver!(No symbol) [0x7ff6e3e76b9e]
	chromedriver!(No symbol) [0x7ff6e3e76eac]
	chromedriver!(No symbol) [0x7ff6e3ec6fe7]
	chromedriver!(No symbol) [0x7ff6e3ec3b9b]
	chromedriver!(No symbol) [0x7ff6e3e69298]
	chromedriver!(No symbol) [0x7ff6e3e6a183]
	chromedriver!GetHandleVerifier [0x7ff6e43bde0d+318bcd]
	chromedriver!GetHandleVerifier [0x7ff6e43b8588+313348]
	chromedriver!GetHandleVerifier [0x7ff6e43d9d7a+334b3a]
	chromedriver!GetHandleVerifier [0x7ff6e40d6785+31545]
	chromedriver!GetHandleVerifier [0x7ff6e40dfacc+3a88c]
	chromedriver!GetHandleVerifier [0x7ff6e40c3634+1e3f4]
	chromedriver!GetHandleVerifier [0x7ff6e40c37e6+1e5a6]
	chromedriver!GetHandleVerifier [0x7ff6e40a7e37+2bf7]
	KERNEL32!BaseThreadInitThunk [0x7ffff6e7e8d7+17]
	ntdll!RtlUserThreadStart [0x7ffff7c4c53c+2c]

2026-04-30 08:50:54,691 - root - ERROR - Timeout: El elemento con identificador '//*[@id="C0_8"]' no es visible o clickeable en 10 segundos.
2026-04-30 08:50:57,818 - root - ERROR - Timeout: El elemento con identificador '//*[@id="C0_8"]' no es visible o clickeable en 10 segundos.
2026-04-30 08:50:58,782 - root - ERROR - Timeout: El elemento con identificador '//*[@id="C0_8"]' no es visible o clickeable en 10 segundos.
2026-04-30 08:53:19,069 - root - ERROR - Origen '00006319' no encontrado en dict_origen
2026-04-30 08:53:19,069 - root - ERROR - Origen '00006978' no encontrado en dict_origen
2026-04-30 08:53:19,069 - root - ERROR - Origen 'None' no encontrado en dict_origen
2026-04-30 08:53:19,069 - root - ERROR - Origen 'None' no encontrado en dict_origen
2026-04-30 08:53:19,069 - root - ERROR - Origen 'None' no encontrado en dict_origen
2026-04-30 08:53:19,069 - root - ERROR - Origen 'None' no encontrado en dict_origen
2026-04-30 08:53:19,070 - root - ERROR - Origen 'None' no encontrado en dict_origen
2026-04-30 08:53:19,070 - root - ERROR - Origen 'None' no encontrado en dict_origen
2026-04-30 08:53:19,070 - root - ERROR - Origen 'None' no encontrado en dict_origen
2026-04-30 08:53:19,070 - root - ERROR - Origen 'None' no encontrado en dict_origen
2026-04-30 08:53:19,070 - root - ERROR - Origen '00006011' no encontrado en dict_origen
2026-04-30 08:53:19,070 - root - ERROR - Origen 'None' no encontrado en dict_origen
2026-04-30 08:53:19,070 - root - ERROR - Origen 'None' no encontrado en dict_origen
2026-04-30 08:53:19,070 - root - ERROR - Origen 'None' no encontrado en dict_origen
2026-04-30 08:53:19,070 - root - ERROR - Origen 'None' no encontrado en dict_origen
2026-04-30 08:53:22,403 - root - INFO - archivo guardado correctamente, por favor revisar la ruta: C:\CE_FI_DA_1121_Archivos_de_Salida\Abril\30-08am\Transacciones pendientes por contabilizar en el filtro_30-Abril-2026_08am.xlsx
2026-04-30 14:20:11,990 - root - INFO - Estado y variables cargados desde C:\RPA\CE_FI_DA_1121_GESTION_CONTABILIZACION_ACTIVOS_FIJOS\Data\json\checkpoint.json
2026-04-30 14:20:11,991 - root - INFO - El archivo de entrada 'C:\CE_FI_DA_1121_Archivos_de_Entrada\Relacion.Cuentas.Dependencias.xlsx' estß disponible.
2026-04-30 14:20:12,538 - root - INFO - Conexiˇn exitosa a Internet. Latencia: 546.55 ms.
2026-04-30 14:20:20,641 - root - INFO - No hay sesiˇn activa. Realizando login automßtico.
2026-04-30 14:21:06,654 - root - ERROR - No se encontrˇ la palabra 'total' en el ˙ltimo tr.
2026-04-30 14:21:53,499 - root - INFO - Paso 1 completado: verificaciˇn de 2A.
2026-04-30 14:23:52,659 - root - INFO - Descarga completada para #compa˝Ýa 00598. Archivos encontrados.
2026-04-30 14:23:57,097 - root - INFO - Descarga completada para #compa˝Ýa 00533. Archivos encontrados.
2026-04-30 14:24:19,619 - root - INFO - Descarga completada para #compa˝Ýa 00534. Archivos encontrados.
2026-04-30 14:24:25,786 - root - INFO - archivo guardado correctamente en: C:\CE_FI_DA_1121_Archivos_de_Salida\Abril\30-02pm\Transacciones pendientes por contabilizar en el filtro_30-Abril-2026_02pm.xlsx
2026-04-30 14:24:26,193 - root - INFO - Se guardo el archivo correctamente
2026-04-30 14:24:26,796 - root - INFO - El archivo ha sido actualizado en la hoja con los cambios realizados en 'Responsable'.
2026-04-30 14:30:54,103 - root - INFO - archivo guardado correctamente, por favor revisar la ruta: C:\CE_FI_DA_1121_Archivos_de_Salida\Abril\30-02pm\Transacciones pendientes por contabilizar en el filtro_30-Abril-2026_02pm.xlsx
2026-04-30 17:00:09,785 - root - INFO - Estado y variables cargados desde C:\RPA\CE_FI_DA_1121_GESTION_CONTABILIZACION_ACTIVOS_FIJOS\Data\json\checkpoint.json
2026-04-30 17:00:09,785 - root - INFO - El archivo de entrada 'C:\CE_FI_DA_1121_Archivos_de_Entrada\Relacion.Cuentas.Dependencias.xlsx' estß disponible.
2026-04-30 17:00:09,862 - root - ERROR - Error: No se pudo conectar a Internet. HTTPSConnectionPool(host='www.google.com', port=443): Max retries exceeded with url: / (Caused by SSLError(SSLError(1, '[SSL: WRONG_VERSION_NUMBER] wrong version number (_ssl.c:1032)')))
2026-04-30 17:00:09,862 - root - ERROR - No se cumplen los requisitos minimos
2026-04-30 17:00:16,761 - root - INFO - Estado y variables cargados desde C:\RPA\CE_FI_DA_1121_GESTION_CONTABILIZACION_ACTIVOS_FIJOS\Data\json\checkpoint.json
2026-04-30 17:00:16,762 - root - INFO - El archivo de entrada 'C:\CE_FI_DA_1121_Archivos_de_Entrada\Relacion.Cuentas.Dependencias.xlsx' estß disponible.
2026-04-30 17:00:17,330 - root - INFO - Conexiˇn exitosa a Internet. Latencia: 568.4 ms.
2026-04-30 17:00:25,488 - root - INFO - No hay sesiˇn activa. Realizando login automßtico.
2026-04-30 17:01:15,617 - root - INFO - Pantalla de 2A sin registros.
2026-04-30 17:01:25,874 - root - ERROR - Timeout: El elemento con identificador '//*[@id="userSessionDropdownArrow"]' no es visible o clickeable en 10 segundos.
2026-04-30 17:01:36,139 - root - ERROR - Timeout: El elemento con identificador '//*[@id="e1LogoutLink"]' no es visible o clickeable en 10 segundos.
2026-04-30 17:01:40,789 - root - INFO - Paso 1 completado: verificaciˇn de 2A.
2026-04-30 17:03:43,800 - root - INFO - Descarga completada para #compa˝Ýa 00533. Archivos encontrados.
2026-04-30 17:03:50,885 - root - INFO - Descarga completada para #compa˝Ýa 00598. Archivos encontrados.
2026-04-30 17:04:30,490 - root - INFO - Descarga completada para #compa˝Ýa 00534. Archivos encontrados.
2026-04-30 17:04:38,219 - root - INFO - archivo guardado correctamente en: C:\CE_FI_DA_1121_Archivos_de_Salida\Abril\30-05pm\Transacciones pendientes por contabilizar en el filtro_30-Abril-2026_05pm.xlsx
2026-04-30 17:04:39,083 - root - INFO - Se guardo el archivo correctamente
2026-04-30 17:04:40,486 - root - INFO - El archivo ha sido actualizado en la hoja con los cambios realizados en 'Responsable'.
2026-04-30 17:11:00,896 - root - INFO - archivo guardado correctamente, por favor revisar la ruta: C:\CE_FI_DA_1121_Archivos_de_Salida\Abril\30-05pm\Transacciones pendientes por contabilizar en el filtro_30-Abril-2026_05pm.xlsx
2026-04-30 18:01:17,808 - root - INFO - Estado y variables cargados desde C:\RPA\CE_FI_DA_1121_GESTION_CONTABILIZACION_ACTIVOS_FIJOS\Data\json\checkpoint.json
2026-04-30 18:01:17,808 - root - INFO - El archivo de entrada 'C:\CE_FI_DA_1121_Archivos_de_Entrada\Relacion.Cuentas.Dependencias.xlsx' estß disponible.
2026-04-30 18:01:18,359 - root - INFO - Conexiˇn exitosa a Internet. Latencia: 550.54 ms.
2026-04-30 18:01:26,012 - root - INFO - No hay sesiˇn activa. Realizando login automßtico.
2026-04-30 18:02:17,931 - root - INFO - Pantalla de 2A sin registros.
2026-04-30 18:02:28,188 - root - ERROR - Timeout: El elemento con identificador '//*[@id="userSessionDropdownArrow"]' no es visible o clickeable en 10 segundos.
2026-04-30 18:02:38,441 - root - ERROR - Timeout: El elemento con identificador '//*[@id="e1LogoutLink"]' no es visible o clickeable en 10 segundos.
2026-04-30 18:02:43,558 - root - INFO - Paso 1 completado: verificaciˇn de 2A.
2026-04-30 18:03:39,468 - root - ERROR - Timeout: El elemento con identificador 'C0_100' no es visible o clickeable en 10 segundos.
2026-04-30 18:03:53,389 - root - INFO - Descarga completada para #compa˝Ýa 00533. Archivos encontrados.
2026-04-30 18:03:56,860 - root - ERROR - Timeout: El elemento con identificador 'C0_100' no es visible o clickeable en 10 segundos.
2026-04-30 18:03:58,686 - root - WARNING - posible falla en espera de elementos para la descarga del archivo
2026-04-30 18:04:00,818 - root - ERROR - No se encontrˇ la palabra 'total' en el ˙ltimo tr.
2026-04-30 18:04:11,570 - root - ERROR - Timeout: El elemento con identificador '//*[@id="WebMenuBar"]/tbody/tr/td[1]/table/tbody/tr[2]/td' no es visible o clickeable en 10 segundos.
2026-04-30 18:04:16,578 - root - INFO - Descarga completada para #compa˝Ýa 00534. Archivos encontrados.
2026-04-30 18:04:26,819 - root - ERROR - Timeout: El elemento con identificador 'C0_89' no es visible o clickeable en 10 segundos.
2026-04-30 18:04:26,819 - root - WARNING - No se encontraron archivos en la carpeta para #compa˝Ýa 00598. Intentando de nuevo.
2026-04-30 18:04:26,820 - root - INFO - Reintentando descarga para #compa˝Ýa 00598... (Intento 1/3)
2026-04-30 18:05:15,087 - root - ERROR - Timeout: El elemento con identificador 'C0_100' no es visible o clickeable en 10 segundos.
2026-04-30 18:05:37,178 - root - WARNING - posible falla en espera de elementos para la descarga del archivo
2026-04-30 18:05:39,267 - root - ERROR - No se encontrˇ la palabra 'total' en el ˙ltimo tr.
2026-04-30 18:05:49,871 - root - ERROR - Timeout: El elemento con identificador '//*[@id="WebMenuBar"]/tbody/tr/td[1]/table/tbody/tr[2]/td' no es visible o clickeable en 10 segundos.
2026-04-30 18:06:02,815 - root - WARNING - No se encontraron archivos en la carpeta para #compa˝Ýa 00598. Intentando de nuevo.
2026-04-30 18:06:02,815 - root - INFO - Reintentando descarga para #compa˝Ýa 00598... (Intento 2/3)
2026-04-30 18:06:12,864 - root - ERROR - Error: no se ha encontrado los informes, archivo final incompleto
2026-04-30 18:07:27,702 - root - INFO - Estado y variables cargados desde C:\RPA\CE_FI_DA_1121_GESTION_CONTABILIZACION_ACTIVOS_FIJOS\Data\json\checkpoint.json
2026-04-30 18:07:27,702 - root - INFO - El archivo de entrada 'C:\CE_FI_DA_1121_Archivos_de_Entrada\Relacion.Cuentas.Dependencias.xlsx' estß disponible.
2026-04-30 18:07:28,246 - root - INFO - Conexiˇn exitosa a Internet. Latencia: 543.13 ms.
2026-04-30 18:07:35,878 - root - INFO - No hay sesiˇn activa. Realizando login automßtico.
2026-04-30 18:08:26,546 - root - INFO - Pantalla de 2A sin registros.
2026-04-30 18:08:36,856 - root - ERROR - Timeout: El elemento con identificador '//*[@id="userSessionDropdownArrow"]' no es visible o clickeable en 10 segundos.
2026-04-30 18:08:47,182 - root - ERROR - Timeout: El elemento con identificador '//*[@id="e1LogoutLink"]' no es visible o clickeable en 10 segundos.
2026-04-30 18:08:52,518 - root - INFO - Paso 1 completado: verificaciˇn de 2A.
2026-04-30 18:08:52,520 - root - INFO - Descarga completada para #compa˝Ýa 00533. Archivos encontrados.
2026-04-30 18:08:54,521 - root - INFO - Descarga completada para #compa˝Ýa 00534. Archivos encontrados.
2026-04-30 18:10:46,079 - root - ERROR - No se encontrˇ la palabra 'total' en el ˙ltimo tr.
2026-04-30 18:10:52,546 - root - INFO - Descarga completada para #compa˝Ýa 00598. Archivos encontrados.
2026-04-30 18:11:02,399 - root - INFO - archivo guardado correctamente en: C:\CE_FI_DA_1121_Archivos_de_Salida\Abril\30-06pm\Transacciones pendientes por contabilizar en el filtro_30-Abril-2026_06pm.xlsx
2026-04-30 18:11:03,062 - root - INFO - Se guardo el archivo correctamente
2026-04-30 18:11:04,184 - root - INFO - El archivo ha sido actualizado en la hoja con los cambios realizados en 'Responsable'.
2026-04-30 18:11:43,834 - root - ERROR - Timeout: El elemento con identificador '//*[@id="C0_52"]' no es visible o clickeable en 10 segundos.
2026-04-30 18:18:54,285 - root - INFO - archivo guardado correctamente, por favor revisar la ruta: C:\CE_FI_DA_1121_Archivos_de_Salida\Abril\30-06pm\Transacciones pendientes por contabilizar en el filtro_30-Abril-2026_06pm.xlsx
