2026-04-24 08:05:29,168 - root - INFO - Estado y variables cargados desde C:\RPA\CE_FI_DA_1121_GESTION_CONTABILIZACION_ACTIVOS_FIJOS\Data\json\checkpoint.json
2026-04-24 08:05:29,178 - root - INFO - El archivo de entrada 'C:\CE_FI_DA_1121_Archivos_de_Entrada\Relacion.Cuentas.Dependencias.xlsx' está disponible.
2026-04-24 08:05:29,562 - root - INFO - Conexión exitosa a Internet. Latencia: 383.23 ms.
2026-04-24 08:05:39,902 - root - INFO - No hay sesión activa. Realizando login automático.
2026-04-24 08:07:14,334 - root - INFO - Paso 1 completado: verificación de 2A.
2026-04-24 08:09:06,499 - root - WARNING - posible falla en espera de elementos para la descarga del archivo
2026-04-24 08:09:06,887 - root - WARNING - posible falla en espera de elementos para la descarga del archivo
2026-04-24 08:09:06,955 - root - WARNING - posible falla en espera de elementos para la descarga del archivo
2026-04-24 08:09:08,640 - root - ERROR - No se encontró la palabra 'total' en el último tr.
2026-04-24 08:09:09,008 - root - ERROR - No se encontró la palabra 'total' en el último tr.
2026-04-24 08:09:09,067 - root - ERROR - No se encontró la palabra 'total' en el último tr.
2026-04-24 08:09:19,389 - root - ERROR - Timeout: El elemento con identificador '//*[@id="WebMenuBar"]/tbody/tr/td[1]/table/tbody/tr[2]/td' no es visible o clickeable en 10 segundos.
2026-04-24 08:09:19,748 - root - ERROR - Timeout: El elemento con identificador '//*[@id="WebMenuBar"]/tbody/tr/td[1]/table/tbody/tr[2]/td' no es visible o clickeable en 10 segundos.
2026-04-24 08:09:19,772 - root - ERROR - Timeout: El elemento con identificador '//*[@id="WebMenuBar"]/tbody/tr/td[1]/table/tbody/tr[2]/td' no es visible o clickeable en 10 segundos.
2026-04-24 08:09:24,613 - root - WARNING - No se encontraron archivos en la carpeta para #compańía 00533. Intentando de nuevo.
2026-04-24 08:09:24,613 - root - INFO - Reintentando descarga para #compańía 00533... (Intento 1/3)
2026-04-24 08:09:24,951 - root - WARNING - No se encontraron archivos en la carpeta para #compańía 00534. Intentando de nuevo.
2026-04-24 08:09:24,951 - root - INFO - Reintentando descarga para #compańía 00534... (Intento 1/3)
2026-04-24 08:09:24,963 - root - WARNING - No se encontraron archivos en la carpeta para #compańía 00598. Intentando de nuevo.
2026-04-24 08:09:24,964 - root - INFO - Reintentando descarga para #compańía 00598... (Intento 1/3)
2026-04-24 08:10:01,874 - root - INFO - Descarga completada para #compańía 00534. Archivos encontrados.
2026-04-24 08:10:11,143 - root - INFO - Descarga completada para #compańía 00598. Archivos encontrados.
2026-04-24 08:10:58,586 - root - INFO - Descarga completada para #compańía 00533. Archivos encontrados.
2026-04-24 08:11:09,011 - root - INFO - archivo guardado correctamente en: C:\CE_FI_DA_1121_Archivos_de_Salida\Abril\24-08am\Transacciones pendientes por contabilizar en el filtro_24-Abril-2026_08am.xlsx
2026-04-24 08:11:10,533 - root - INFO - Se guardo el archivo correctamente
2026-04-24 08:11:13,475 - root - INFO - El archivo ha sido actualizado en la hoja con los cambios realizados en 'Responsable'.
2026-04-24 08:23:08,064 - root - INFO - archivo guardado correctamente, por favor revisar la ruta: C:\CE_FI_DA_1121_Archivos_de_Salida\Abril\24-08am\Transacciones pendientes por contabilizar en el filtro_24-Abril-2026_08am.xlsx
