2026-05-04 07:27:31,795 - root - INFO - Estado y variables cargados desde C:\RPA\CE_FI_DA_1121_GESTION_CONTABILIZACION_ACTIVOS_FIJOS\Data\json\checkpoint.json
2026-05-04 07:27:31,796 - root - INFO - El archivo de entrada 'C:\CE_FI_DA_1121_Archivos_de_Entrada\Relacion.Cuentas.Dependencias.xlsx' estį disponible.
2026-05-04 07:27:36,858 - root - ERROR - Error: No se pudo conectar a Internet. HTTPSConnectionPool(host='www.google.com', port=443): Read timed out. (read timeout=5)
2026-05-04 07:27:36,858 - root - ERROR - No se cumplen los requisitos minimos
2026-05-04 07:29:12,520 - root - INFO - Estado y variables cargados desde C:\RPA\CE_FI_DA_1121_GESTION_CONTABILIZACION_ACTIVOS_FIJOS\Data\json\checkpoint.json
2026-05-04 07:29:12,528 - root - INFO - El archivo de entrada 'C:\CE_FI_DA_1121_Archivos_de_Entrada\Relacion.Cuentas.Dependencias.xlsx' estį disponible.
2026-05-04 07:29:12,941 - root - INFO - Conexión exitosa a Internet. Latencia: 412.88 ms.
2026-05-04 07:29:22,198 - root - INFO - No hay sesión activa. Realizando login automįtico.
2026-05-04 07:30:12,266 - root - INFO - Pantalla de 2A sin registros.
2026-05-04 07:30:22,578 - root - ERROR - Timeout: El elemento con identificador '//*[@id="userSessionDropdownArrow"]' no es visible o clickeable en 10 segundos.
2026-05-04 07:30:32,861 - root - ERROR - Timeout: El elemento con identificador '//*[@id="e1LogoutLink"]' no es visible o clickeable en 10 segundos.
2026-05-04 07:30:37,866 - root - INFO - Paso 1 completado: verificación de 2A.
2026-05-04 07:30:52,264 - root - ERROR - ERROR real al iniciar chrome
Traceback (most recent call last):
  File "C:\RPA\CE_FI_DA_1121_GESTION_CONTABILIZACION_ACTIVOS_FIJOS\App\Functions\descarga_informes.py", line 72, in iniciar_driver
    driver.get(url)
    ~~~~~~~~~~^^^^^
  File "C:\Users\llachhe\AppData\Local\Programs\Python\Python313\Lib\site-packages\selenium\webdriver\remote\webdriver.py", line 452, in get
    self.execute(Command.GET, {"url": url})
    ~~~~~~~~~~~~^^^^^^^^^^^^^^^^^^^^^^^^^^^
  File "C:\Users\llachhe\AppData\Local\Programs\Python\Python313\Lib\site-packages\selenium\webdriver\remote\webdriver.py", line 432, in execute
    self.error_handler.check_response(response)
    ~~~~~~~~~~~~~~~~~~~~~~~~~~~~~~~~~^^^^^^^^^^
  File "C:\Users\llachhe\AppData\Local\Programs\Python\Python313\Lib\site-packages\selenium\webdriver\remote\errorhandler.py", line 232, in check_response
    raise exception_class(message, screen, stacktrace)
selenium.common.exceptions.WebDriverException: Message: unknown error: net::ERR_NAME_NOT_RESOLVED
  (Session info: chrome=147.0.7727.117)
Stacktrace:
	chromedriver!GetHandleVerifier [0x7ff6999129c5+2ed785]
	chromedriver!GetHandleVerifier [0x7ff69963a0d0+14e90]
	chromedriver!(No symbol) [0x7ff69939db2d]
	chromedriver!(No symbol) [0x7ff69939a654]
	chromedriver!(No symbol) [0x7ff69938a6d1]
	chromedriver!(No symbol) [0x7ff69938c5bf]
	chromedriver!(No symbol) [0x7ff69938ac73]
	chromedriver!(No symbol) [0x7ff69938a43b]
	chromedriver!(No symbol) [0x7ff69938a0f1]
	chromedriver!(No symbol) [0x7ff699387d3b]
	chromedriver!(No symbol) [0x7ff699388482]
	chromedriver!(No symbol) [0x7ff6993a1de6]
	chromedriver!(No symbol) [0x7ff699444994]
	chromedriver!(No symbol) [0x7ff69941ff8a]
	chromedriver!(No symbol) [0x7ff699443b9b]
	chromedriver!(No symbol) [0x7ff6993e9298]
	chromedriver!(No symbol) [0x7ff6993ea183]
	chromedriver!GetHandleVerifier [0x7ff69993de0d+318bcd]
	chromedriver!GetHandleVerifier [0x7ff699938588+313348]
	chromedriver!GetHandleVerifier [0x7ff699959d7a+334b3a]
	chromedriver!GetHandleVerifier [0x7ff699656785+31545]
	chromedriver!GetHandleVerifier [0x7ff69965facc+3a88c]
	chromedriver!GetHandleVerifier [0x7ff699643634+1e3f4]
	chromedriver!GetHandleVerifier [0x7ff6996437e6+1e5a6]
	chromedriver!GetHandleVerifier [0x7ff699627e37+2bf7]
	KERNEL32!BaseThreadInitThunk [0x7ffff6e7e8d7+17]
	ntdll!RtlUserThreadStart [0x7ffff7c4c53c+2c]

2026-05-04 07:30:52,346 - root - ERROR - Error escribiendo texto en JDE (User): 'NoneType' object has no attribute 'find_element'
2026-05-04 07:30:52,347 - root - ERROR - Error escribiendo texto en JDE (Password): 'NoneType' object has no attribute 'find_element'
2026-05-04 07:30:52,347 - root - ERROR - Error en descarga del informe de #compania 00534: 'NoneType' object has no attribute 'find_element'
2026-05-04 07:30:52,347 - root - INFO - Reintentando para #compańķa 00534... (Intento 1/3)
2026-05-04 07:31:02,348 - root - ERROR - Error en descarga del informe de #compania 00534: _path_exists: path should be string, bytes, os.PathLike or integer, not NoneType
2026-05-04 07:31:02,348 - root - INFO - Reintentando para #compańķa 00534... (Intento 2/3)
2026-05-04 07:31:02,352 - root - ERROR - Error escribiendo texto en JDE (User): Message: 
Stacktrace:
	chromedriver!GetHandleVerifier [0x7ff6999129c5+2ed785]
	chromedriver!GetHandleVerifier [0x7ff69963a0d0+14e90]
	chromedriver!(No symbol) [0x7ff69939db2d]
	chromedriver!(No symbol) [0x7ff6993f6b9e]
	chromedriver!(No symbol) [0x7ff6993f6eac]
	chromedriver!(No symbol) [0x7ff699446fe7]
	chromedriver!(No symbol) [0x7ff699443b9b]
	chromedriver!(No symbol) [0x7ff6993e9298]
	chromedriver!(No symbol) [0x7ff6993ea183]
	chromedriver!GetHandleVerifier [0x7ff69993de0d+318bcd]
	chromedriver!GetHandleVerifier [0x7ff699938588+313348]
	chromedriver!GetHandleVerifier [0x7ff699959d7a+334b3a]
	chromedriver!GetHandleVerifier [0x7ff699656785+31545]
	chromedriver!GetHandleVerifier [0x7ff69965facc+3a88c]
	chromedriver!GetHandleVerifier [0x7ff699643634+1e3f4]
	chromedriver!GetHandleVerifier [0x7ff6996437e6+1e5a6]
	chromedriver!GetHandleVerifier [0x7ff699627e37+2bf7]
	KERNEL32!BaseThreadInitThunk [0x7ffff6e7e8d7+17]
	ntdll!RtlUserThreadStart [0x7ffff7c4c53c+2c]

2026-05-04 07:31:02,647 - root - ERROR - Error escribiendo texto en JDE (User): Message: 
Stacktrace:
	chromedriver!GetHandleVerifier [0x7ff6999129c5+2ed785]
	chromedriver!GetHandleVerifier [0x7ff69963a0d0+14e90]
	chromedriver!(No symbol) [0x7ff69939db2d]
	chromedriver!(No symbol) [0x7ff6993f6b9e]
	chromedriver!(No symbol) [0x7ff6993f6eac]
	chromedriver!(No symbol) [0x7ff699446fe7]
	chromedriver!(No symbol) [0x7ff699443b9b]
	chromedriver!(No symbol) [0x7ff6993e9298]
	chromedriver!(No symbol) [0x7ff6993ea183]
	chromedriver!GetHandleVerifier [0x7ff69993de0d+318bcd]
	chromedriver!GetHandleVerifier [0x7ff699938588+313348]
	chromedriver!GetHandleVerifier [0x7ff699959d7a+334b3a]
	chromedriver!GetHandleVerifier [0x7ff699656785+31545]
	chromedriver!GetHandleVerifier [0x7ff69965facc+3a88c]
	chromedriver!GetHandleVerifier [0x7ff699643634+1e3f4]
	chromedriver!GetHandleVerifier [0x7ff6996437e6+1e5a6]
	chromedriver!GetHandleVerifier [0x7ff699627e37+2bf7]
	KERNEL32!BaseThreadInitThunk [0x7ffff6e7e8d7+17]
	ntdll!RtlUserThreadStart [0x7ffff7c4c53c+2c]

2026-05-04 07:31:12,349 - root - ERROR - Error en descarga del informe de #compania 00534: _path_exists: path should be string, bytes, os.PathLike or integer, not NoneType
2026-05-04 07:31:12,349 - root - ERROR - Se alcanzó el mįximo de intentos (3) para #compańķa 00534. No se pudo completar la descarga.
2026-05-04 07:31:12,703 - root - ERROR - Error escribiendo texto en JDE (Password): Message: 
Stacktrace:
	chromedriver!GetHandleVerifier [0x7ff6999129c5+2ed785]
	chromedriver!GetHandleVerifier [0x7ff69963a0d0+14e90]
	chromedriver!(No symbol) [0x7ff69939db2d]
	chromedriver!(No symbol) [0x7ff6993f6b9e]
	chromedriver!(No symbol) [0x7ff6993f6eac]
	chromedriver!(No symbol) [0x7ff699446fe7]
	chromedriver!(No symbol) [0x7ff699443b9b]
	chromedriver!(No symbol) [0x7ff6993e9298]
	chromedriver!(No symbol) [0x7ff6993ea183]
	chromedriver!GetHandleVerifier [0x7ff69993de0d+318bcd]
	chromedriver!GetHandleVerifier [0x7ff699938588+313348]
	chromedriver!GetHandleVerifier [0x7ff699959d7a+334b3a]
	chromedriver!GetHandleVerifier [0x7ff699656785+31545]
	chromedriver!GetHandleVerifier [0x7ff69965facc+3a88c]
	chromedriver!GetHandleVerifier [0x7ff699643634+1e3f4]
	chromedriver!GetHandleVerifier [0x7ff6996437e6+1e5a6]
	chromedriver!GetHandleVerifier [0x7ff699627e37+2bf7]
	KERNEL32!BaseThreadInitThunk [0x7ffff6e7e8d7+17]
	ntdll!RtlUserThreadStart [0x7ffff7c4c53c+2c]

2026-05-04 07:31:12,933 - root - ERROR - Error escribiendo texto en JDE (Password): Message: 
Stacktrace:
	chromedriver!GetHandleVerifier [0x7ff6999129c5+2ed785]
	chromedriver!GetHandleVerifier [0x7ff69963a0d0+14e90]
	chromedriver!(No symbol) [0x7ff69939db2d]
	chromedriver!(No symbol) [0x7ff6993f6b9e]
	chromedriver!(No symbol) [0x7ff6993f6eac]
	chromedriver!(No symbol) [0x7ff699446fe7]
	chromedriver!(No symbol) [0x7ff699443b9b]
	chromedriver!(No symbol) [0x7ff6993e9298]
	chromedriver!(No symbol) [0x7ff6993ea183]
	chromedriver!GetHandleVerifier [0x7ff69993de0d+318bcd]
	chromedriver!GetHandleVerifier [0x7ff699938588+313348]
	chromedriver!GetHandleVerifier [0x7ff699959d7a+334b3a]
	chromedriver!GetHandleVerifier [0x7ff699656785+31545]
	chromedriver!GetHandleVerifier [0x7ff69965facc+3a88c]
	chromedriver!GetHandleVerifier [0x7ff699643634+1e3f4]
	chromedriver!GetHandleVerifier [0x7ff6996437e6+1e5a6]
	chromedriver!GetHandleVerifier [0x7ff699627e37+2bf7]
	KERNEL32!BaseThreadInitThunk [0x7ffff6e7e8d7+17]
	ntdll!RtlUserThreadStart [0x7ffff7c4c53c+2c]

2026-05-04 07:31:23,168 - root - ERROR - Timeout: No se encontró o no fue clickeable el elemento '//*[@id="mainLoginTable"]/tbody/tr[4]/td/input' en 10 segundos.
2026-05-04 07:31:23,237 - root - ERROR - Timeout: No se encontró o no fue clickeable el elemento '//*[@id="mainLoginTable"]/tbody/tr[4]/td/input' en 10 segundos.
2026-05-04 07:31:33,434 - root - WARNING - error ucurrido en el login: intento1
2026-05-04 07:31:33,510 - root - WARNING - error ucurrido en el login: intento1
2026-05-04 07:31:43,675 - root - ERROR - Error escribiendo texto en JDE (User): Message: 
Stacktrace:
	chromedriver!GetHandleVerifier [0x7ff6999129c5+2ed785]
	chromedriver!GetHandleVerifier [0x7ff69963a0d0+14e90]
	chromedriver!(No symbol) [0x7ff69939db2d]
	chromedriver!(No symbol) [0x7ff6993f6b9e]
	chromedriver!(No symbol) [0x7ff6993f6eac]
	chromedriver!(No symbol) [0x7ff699446fe7]
	chromedriver!(No symbol) [0x7ff699443b9b]
	chromedriver!(No symbol) [0x7ff6993e9298]
	chromedriver!(No symbol) [0x7ff6993ea183]
	chromedriver!GetHandleVerifier [0x7ff69993de0d+318bcd]
	chromedriver!GetHandleVerifier [0x7ff699938588+313348]
	chromedriver!GetHandleVerifier [0x7ff699959d7a+334b3a]
	chromedriver!GetHandleVerifier [0x7ff699656785+31545]
	chromedriver!GetHandleVerifier [0x7ff69965facc+3a88c]
	chromedriver!GetHandleVerifier [0x7ff699643634+1e3f4]
	chromedriver!GetHandleVerifier [0x7ff6996437e6+1e5a6]
	chromedriver!GetHandleVerifier [0x7ff699627e37+2bf7]
	KERNEL32!BaseThreadInitThunk [0x7ffff6e7e8d7+17]
	ntdll!RtlUserThreadStart [0x7ffff7c4c53c+2c]

2026-05-04 07:31:43,747 - root - ERROR - Error escribiendo texto en JDE (User): Message: 
Stacktrace:
	chromedriver!GetHandleVerifier [0x7ff6999129c5+2ed785]
	chromedriver!GetHandleVerifier [0x7ff69963a0d0+14e90]
	chromedriver!(No symbol) [0x7ff69939db2d]
	chromedriver!(No symbol) [0x7ff6993f6b9e]
	chromedriver!(No symbol) [0x7ff6993f6eac]
	chromedriver!(No symbol) [0x7ff699446fe7]
	chromedriver!(No symbol) [0x7ff699443b9b]
	chromedriver!(No symbol) [0x7ff6993e9298]
	chromedriver!(No symbol) [0x7ff6993ea183]
	chromedriver!GetHandleVerifier [0x7ff69993de0d+318bcd]
	chromedriver!GetHandleVerifier [0x7ff699938588+313348]
	chromedriver!GetHandleVerifier [0x7ff699959d7a+334b3a]
	chromedriver!GetHandleVerifier [0x7ff699656785+31545]
	chromedriver!GetHandleVerifier [0x7ff69965facc+3a88c]
	chromedriver!GetHandleVerifier [0x7ff699643634+1e3f4]
	chromedriver!GetHandleVerifier [0x7ff6996437e6+1e5a6]
	chromedriver!GetHandleVerifier [0x7ff699627e37+2bf7]
	KERNEL32!BaseThreadInitThunk [0x7ffff6e7e8d7+17]
	ntdll!RtlUserThreadStart [0x7ffff7c4c53c+2c]

2026-05-04 07:31:53,922 - root - ERROR - Error escribiendo texto en JDE (Password): Message: 
Stacktrace:
	chromedriver!GetHandleVerifier [0x7ff6999129c5+2ed785]
	chromedriver!GetHandleVerifier [0x7ff69963a0d0+14e90]
	chromedriver!(No symbol) [0x7ff69939db2d]
	chromedriver!(No symbol) [0x7ff6993f6b9e]
	chromedriver!(No symbol) [0x7ff6993f6eac]
	chromedriver!(No symbol) [0x7ff699446fe7]
	chromedriver!(No symbol) [0x7ff699443b9b]
	chromedriver!(No symbol) [0x7ff6993e9298]
	chromedriver!(No symbol) [0x7ff6993ea183]
	chromedriver!GetHandleVerifier [0x7ff69993de0d+318bcd]
	chromedriver!GetHandleVerifier [0x7ff699938588+313348]
	chromedriver!GetHandleVerifier [0x7ff699959d7a+334b3a]
	chromedriver!GetHandleVerifier [0x7ff699656785+31545]
	chromedriver!GetHandleVerifier [0x7ff69965facc+3a88c]
	chromedriver!GetHandleVerifier [0x7ff699643634+1e3f4]
	chromedriver!GetHandleVerifier [0x7ff6996437e6+1e5a6]
	chromedriver!GetHandleVerifier [0x7ff699627e37+2bf7]
	KERNEL32!BaseThreadInitThunk [0x7ffff6e7e8d7+17]
	ntdll!RtlUserThreadStart [0x7ffff7c4c53c+2c]

2026-05-04 07:31:53,998 - root - ERROR - Error escribiendo texto en JDE (Password): Message: 
Stacktrace:
	chromedriver!GetHandleVerifier [0x7ff6999129c5+2ed785]
	chromedriver!GetHandleVerifier [0x7ff69963a0d0+14e90]
	chromedriver!(No symbol) [0x7ff69939db2d]
	chromedriver!(No symbol) [0x7ff6993f6b9e]
	chromedriver!(No symbol) [0x7ff6993f6eac]
	chromedriver!(No symbol) [0x7ff699446fe7]
	chromedriver!(No symbol) [0x7ff699443b9b]
	chromedriver!(No symbol) [0x7ff6993e9298]
	chromedriver!(No symbol) [0x7ff6993ea183]
	chromedriver!GetHandleVerifier [0x7ff69993de0d+318bcd]
	chromedriver!GetHandleVerifier [0x7ff699938588+313348]
	chromedriver!GetHandleVerifier [0x7ff699959d7a+334b3a]
	chromedriver!GetHandleVerifier [0x7ff699656785+31545]
	chromedriver!GetHandleVerifier [0x7ff69965facc+3a88c]
	chromedriver!GetHandleVerifier [0x7ff699643634+1e3f4]
	chromedriver!GetHandleVerifier [0x7ff6996437e6+1e5a6]
	chromedriver!GetHandleVerifier [0x7ff699627e37+2bf7]
	KERNEL32!BaseThreadInitThunk [0x7ffff6e7e8d7+17]
	ntdll!RtlUserThreadStart [0x7ffff7c4c53c+2c]

2026-05-04 07:32:04,177 - root - ERROR - Timeout: No se encontró o no fue clickeable el elemento '//*[@id="mainLoginTable"]/tbody/tr[4]/td/input' en 10 segundos.
2026-05-04 07:32:04,271 - root - ERROR - Timeout: No se encontró o no fue clickeable el elemento '//*[@id="mainLoginTable"]/tbody/tr[4]/td/input' en 10 segundos.
2026-05-04 07:32:14,442 - root - WARNING - error ucurrido en el login: intento2
2026-05-04 07:32:14,442 - root - ERROR - Mįximo de intentos alcanzado. No se pudo iniciar sesión.
2026-05-04 07:32:14,542 - root - WARNING - error ucurrido en el login: intento2
2026-05-04 07:32:14,543 - root - ERROR - Mįximo de intentos alcanzado. No se pudo iniciar sesión.
2026-05-04 07:32:15,460 - root - ERROR - Error al cambiar a uno de los iframes en la ruta: Message: no such element: Unable to locate element: {"method":"xpath","selector":"//*[@id="e1menuAppIframe"]"}
  (Session info: chrome=147.0.7727.117); For documentation on this error, please visit: https://www.selenium.dev/documentation/webdriver/troubleshooting/errors#nosuchelementexception
Stacktrace:
	chromedriver!GetHandleVerifier [0x7ff6999129c5+2ed785]
	chromedriver!GetHandleVerifier [0x7ff69963a0d0+14e90]
	chromedriver!(No symbol) [0x7ff69939db2d]
	chromedriver!(No symbol) [0x7ff6993f6b9e]
	chromedriver!(No symbol) [0x7ff6993f6eac]
	chromedriver!(No symbol) [0x7ff699446fe7]
	chromedriver!(No symbol) [0x7ff699443b9b]
	chromedriver!(No symbol) [0x7ff6993e9298]
	chromedriver!(No symbol) [0x7ff6993ea183]
	chromedriver!GetHandleVerifier [0x7ff69993de0d+318bcd]
	chromedriver!GetHandleVerifier [0x7ff699938588+313348]
	chromedriver!GetHandleVerifier [0x7ff699959d7a+334b3a]
	chromedriver!GetHandleVerifier [0x7ff699656785+31545]
	chromedriver!GetHandleVerifier [0x7ff69965facc+3a88c]
	chromedriver!GetHandleVerifier [0x7ff699643634+1e3f4]
	chromedriver!GetHandleVerifier [0x7ff6996437e6+1e5a6]
	chromedriver!GetHandleVerifier [0x7ff699627e37+2bf7]
	KERNEL32!BaseThreadInitThunk [0x7ffff6e7e8d7+17]
	ntdll!RtlUserThreadStart [0x7ffff7c4c53c+2c]

2026-05-04 07:32:15,557 - root - ERROR - Error al cambiar a uno de los iframes en la ruta: Message: no such element: Unable to locate element: {"method":"xpath","selector":"//*[@id="e1menuAppIframe"]"}
  (Session info: chrome=147.0.7727.117); For documentation on this error, please visit: https://www.selenium.dev/documentation/webdriver/troubleshooting/errors#nosuchelementexception
Stacktrace:
	chromedriver!GetHandleVerifier [0x7ff6999129c5+2ed785]
	chromedriver!GetHandleVerifier [0x7ff69963a0d0+14e90]
	chromedriver!(No symbol) [0x7ff69939db2d]
	chromedriver!(No symbol) [0x7ff6993f6b9e]
	chromedriver!(No symbol) [0x7ff6993f6eac]
	chromedriver!(No symbol) [0x7ff699446fe7]
	chromedriver!(No symbol) [0x7ff699443b9b]
	chromedriver!(No symbol) [0x7ff6993e9298]
	chromedriver!(No symbol) [0x7ff6993ea183]
	chromedriver!GetHandleVerifier [0x7ff69993de0d+318bcd]
	chromedriver!GetHandleVerifier [0x7ff699938588+313348]
	chromedriver!GetHandleVerifier [0x7ff699959d7a+334b3a]
	chromedriver!GetHandleVerifier [0x7ff699656785+31545]
	chromedriver!GetHandleVerifier [0x7ff69965facc+3a88c]
	chromedriver!GetHandleVerifier [0x7ff699643634+1e3f4]
	chromedriver!GetHandleVerifier [0x7ff6996437e6+1e5a6]
	chromedriver!GetHandleVerifier [0x7ff699627e37+2bf7]
	KERNEL32!BaseThreadInitThunk [0x7ffff6e7e8d7+17]
	ntdll!RtlUserThreadStart [0x7ffff7c4c53c+2c]

2026-05-04 07:32:25,726 - root - ERROR - Timeout: El elemento con identificador '//*[@id="tab1"]' no es visible o clickeable en 10 segundos.
2026-05-04 07:32:25,821 - root - ERROR - Timeout: El elemento con identificador '//*[@id="tab1"]' no es visible o clickeable en 10 segundos.
2026-05-04 07:32:28,742 - root - ERROR - Error al cambiar a uno de los iframes en la ruta: Message: no such element: Unable to locate element: {"method":"xpath","selector":"//*[@id="e1menuAppIframe"]"}
  (Session info: chrome=147.0.7727.117); For documentation on this error, please visit: https://www.selenium.dev/documentation/webdriver/troubleshooting/errors#nosuchelementexception
Stacktrace:
	chromedriver!GetHandleVerifier [0x7ff6999129c5+2ed785]
	chromedriver!GetHandleVerifier [0x7ff69963a0d0+14e90]
	chromedriver!(No symbol) [0x7ff69939db2d]
	chromedriver!(No symbol) [0x7ff6993f6b9e]
	chromedriver!(No symbol) [0x7ff6993f6eac]
	chromedriver!(No symbol) [0x7ff699446fe7]
	chromedriver!(No symbol) [0x7ff699443b9b]
	chromedriver!(No symbol) [0x7ff6993e9298]
	chromedriver!(No symbol) [0x7ff6993ea183]
	chromedriver!GetHandleVerifier [0x7ff69993de0d+318bcd]
	chromedriver!GetHandleVerifier [0x7ff699938588+313348]
	chromedriver!GetHandleVerifier [0x7ff699959d7a+334b3a]
	chromedriver!GetHandleVerifier [0x7ff699656785+31545]
	chromedriver!GetHandleVerifier [0x7ff69965facc+3a88c]
	chromedriver!GetHandleVerifier [0x7ff699643634+1e3f4]
	chromedriver!GetHandleVerifier [0x7ff6996437e6+1e5a6]
	chromedriver!GetHandleVerifier [0x7ff699627e37+2bf7]
	KERNEL32!BaseThreadInitThunk [0x7ffff6e7e8d7+17]
	ntdll!RtlUserThreadStart [0x7ffff7c4c53c+2c]

2026-05-04 07:32:28,837 - root - ERROR - Error al cambiar a uno de los iframes en la ruta: Message: no such element: Unable to locate element: {"method":"xpath","selector":"//*[@id="e1menuAppIframe"]"}
  (Session info: chrome=147.0.7727.117); For documentation on this error, please visit: https://www.selenium.dev/documentation/webdriver/troubleshooting/errors#nosuchelementexception
Stacktrace:
	chromedriver!GetHandleVerifier [0x7ff6999129c5+2ed785]
	chromedriver!GetHandleVerifier [0x7ff69963a0d0+14e90]
	chromedriver!(No symbol) [0x7ff69939db2d]
	chromedriver!(No symbol) [0x7ff6993f6b9e]
	chromedriver!(No symbol) [0x7ff6993f6eac]
	chromedriver!(No symbol) [0x7ff699446fe7]
	chromedriver!(No symbol) [0x7ff699443b9b]
	chromedriver!(No symbol) [0x7ff6993e9298]
	chromedriver!(No symbol) [0x7ff6993ea183]
	chromedriver!GetHandleVerifier [0x7ff69993de0d+318bcd]
	chromedriver!GetHandleVerifier [0x7ff699938588+313348]
	chromedriver!GetHandleVerifier [0x7ff699959d7a+334b3a]
	chromedriver!GetHandleVerifier [0x7ff699656785+31545]
	chromedriver!GetHandleVerifier [0x7ff69965facc+3a88c]
	chromedriver!GetHandleVerifier [0x7ff699643634+1e3f4]
	chromedriver!GetHandleVerifier [0x7ff6996437e6+1e5a6]
	chromedriver!GetHandleVerifier [0x7ff699627e37+2bf7]
	KERNEL32!BaseThreadInitThunk [0x7ffff6e7e8d7+17]
	ntdll!RtlUserThreadStart [0x7ffff7c4c53c+2c]

2026-05-04 07:32:38,994 - root - ERROR - Timeout: El elemento con identificador '//*[@id="pageContainer"]/table/tbody[6]/tr/td/div[2]/table/tbody/tr/td[2]/div/table/tbody/tr[2]/td[2]/div/table/tr[2]/td/span' no es visible o clickeable en 10 segundos.
2026-05-04 07:32:39,106 - root - ERROR - Timeout: El elemento con identificador '//*[@id="pageContainer"]/table/tbody[6]/tr/td/div[2]/table/tbody/tr/td[2]/div/table/tbody/tr[2]/td[2]/div/table/tr[2]/td/span' no es visible o clickeable en 10 segundos.
2026-05-04 07:32:49,061 - root - ERROR - Error en descarga del informe de #compania 00533: Message: 

2026-05-04 07:32:49,061 - root - INFO - Reintentando para #compańķa 00533... (Intento 1/3)
2026-05-04 07:32:49,173 - root - ERROR - Error en descarga del informe de #compania 00598: Message: 

2026-05-04 07:32:49,174 - root - INFO - Reintentando para #compańķa 00598... (Intento 1/3)
2026-05-04 07:33:00,951 - root - ERROR - Error: no se ha encontrado los informes, archivo final incompleto
