2026-04-21 08:23:37,428 - root - INFO - Estado y variables cargados desde C:\RPA\CE_FI_DA_1121_GESTION_CONTABILIZACION_ACTIVOS_FIJOS\Data\json\checkpoint.json
2026-04-21 08:23:37,430 - root - INFO - El archivo de entrada 'C:\CE_FI_DA_1121_Archivos_de_Entrada\Relacion.Cuentas.Dependencias.xlsx' está disponible.
2026-04-21 08:23:37,972 - root - INFO - Conexión exitosa a Internet. Latencia: 542.06 ms.
2026-04-21 08:23:48,237 - root - INFO - No hay sesión activa. Realizando login automático.
2026-04-21 08:25:34,627 - root - INFO - Paso 1 completado: verificación de 2A.
2026-04-21 08:27:21,568 - root - WARNING - posible falla en espera de elementos para la descarga del archivo
2026-04-21 08:27:23,699 - root - ERROR - No se encontró la palabra 'total' en el último tr.
2026-04-21 08:27:31,736 - root - WARNING - posible falla en espera de elementos para la descarga del archivo
2026-04-21 08:27:33,899 - root - ERROR - No se encontró la palabra 'total' en el último tr.
2026-04-21 08:27:34,599 - root - ERROR - Timeout: El elemento con identificador '//*[@id="WebMenuBar"]/tbody/tr/td[1]/table/tbody/tr[2]/td' no es visible o clickeable en 10 segundos.
2026-04-21 08:27:40,137 - root - WARNING - No se encontraron archivos en la carpeta para #compańía 00598. Intentando de nuevo.
2026-04-21 08:27:40,137 - root - INFO - Reintentando descarga para #compańía 00598... (Intento 1/3)
2026-04-21 08:27:43,734 - root - INFO - Descarga completada para #compańía 00533. Archivos encontrados.
2026-04-21 08:27:44,493 - root - ERROR - Timeout: El elemento con identificador '//*[@id="WebMenuBar"]/tbody/tr/td[1]/table/tbody/tr[2]/td' no es visible o clickeable en 10 segundos.
2026-04-21 08:27:49,736 - root - WARNING - No se encontraron archivos en la carpeta para #compańía 00534. Intentando de nuevo.
2026-04-21 08:27:49,736 - root - INFO - Reintentando descarga para #compańía 00534... (Intento 1/3)
2026-04-21 08:28:19,382 - root - INFO - Descarga completada para #compańía 00598. Archivos encontrados.
2026-04-21 08:28:44,081 - root - WARNING - posible falla en espera de elementos para la descarga del archivo
2026-04-21 08:28:46,268 - root - ERROR - Error al procesar la tabla: Message: no such element: Unable to locate element: {"method":"xpath","selector":"//*[@id="jdeGridVirtualAbove0_1"]"}
  (Session info: chrome=147.0.7727.56); For documentation on this error, please visit: https://www.selenium.dev/documentation/webdriver/troubleshooting/errors#nosuchelementexception
Stacktrace:
	chromedriver!GetHandleVerifier [0x7ff6192829c5+2ed785]
	chromedriver!GetHandleVerifier [0x7ff618faa0d0+14e90]
	chromedriver!(No symbol) [0x7ff618d0db2d]
	chromedriver!(No symbol) [0x7ff618d66b9e]
	chromedriver!(No symbol) [0x7ff618d66eac]
	chromedriver!(No symbol) [0x7ff618db6fe7]
	chromedriver!(No symbol) [0x7ff618db3b9b]
	chromedriver!(No symbol) [0x7ff618d59298]
	chromedriver!(No symbol) [0x7ff618d5a183]
	chromedriver!GetHandleVerifier [0x7ff6192ade0d+318bcd]
	chromedriver!GetHandleVerifier [0x7ff6192a8588+313348]
	chromedriver!GetHandleVerifier [0x7ff6192c9d7a+334b3a]
	chromedriver!GetHandleVerifier [0x7ff618fc6785+31545]
	chromedriver!GetHandleVerifier [0x7ff618fcfacc+3a88c]
	chromedriver!GetHandleVerifier [0x7ff618fb3634+1e3f4]
	chromedriver!GetHandleVerifier [0x7ff618fb37e6+1e5a6]
	chromedriver!GetHandleVerifier [0x7ff618f97e37+2bf7]
	KERNEL32!BaseThreadInitThunk [0x7ffe137ae8d7+17]
	ntdll!RtlUserThreadStart [0x7ffe1450c53c+2c]

2026-04-21 08:28:54,801 - root - INFO - Descarga completada para #compańía 00534. Archivos encontrados.
2026-04-21 08:29:06,960 - root - INFO - archivo guardado correctamente en: C:\CE_FI_DA_1121_Archivos_de_Salida\Abril\21-08am\Transacciones pendientes por contabilizar en el filtro_21-Abril-2026_08am.xlsx
2026-04-21 08:29:08,564 - root - INFO - Se guardo el archivo correctamente
2026-04-21 08:29:12,230 - root - INFO - El archivo ha sido actualizado en la hoja con los cambios realizados en 'Responsable'.
2026-04-21 08:29:14,067 - root - ERROR - Error al ejecutar el paso 'unificar_excel': single positional indexer is out-of-bounds
2026-04-21 09:07:51,892 - root - INFO - Estado y variables cargados desde C:\RPA\CE_FI_DA_1121_GESTION_CONTABILIZACION_ACTIVOS_FIJOS\Data\json\checkpoint.json
2026-04-21 09:07:51,898 - root - INFO - El archivo de entrada 'C:\CE_FI_DA_1121_Archivos_de_Entrada\Relacion.Cuentas.Dependencias.xlsx' está disponible.
2026-04-21 09:07:52,400 - root - INFO - Conexión exitosa a Internet. Latencia: 501.2 ms.
2026-04-21 09:08:01,154 - root - INFO - No hay sesión activa. Realizando login automático.
2026-04-21 09:08:51,239 - root - INFO - Pantalla de 2A sin registros.
2026-04-21 09:09:01,542 - root - ERROR - Timeout: El elemento con identificador '//*[@id="userSessionDropdownArrow"]' no es visible o clickeable en 10 segundos.
2026-04-21 09:09:11,848 - root - ERROR - Timeout: El elemento con identificador '//*[@id="e1LogoutLink"]' no es visible o clickeable en 10 segundos.
2026-04-21 09:09:16,946 - root - INFO - Paso 1 completado: verificación de 2A.
2026-04-21 09:10:16,158 - root - INFO - Descarga completada para #compańía 00598. Archivos encontrados.
2026-04-21 09:10:18,738 - root - WARNING - posible falla en espera de elementos para la descarga del archivo
2026-04-21 09:10:20,856 - root - ERROR - No se encontró la palabra 'total' en el último tr.
2026-04-21 09:10:31,666 - root - ERROR - Timeout: El elemento con identificador '//*[@id="WebMenuBar"]/tbody/tr/td[1]/table/tbody/tr[2]/td' no es visible o clickeable en 10 segundos.
2026-04-21 09:10:36,894 - root - WARNING - No se encontraron archivos en la carpeta para #compańía 00534. Intentando de nuevo.
2026-04-21 09:10:36,894 - root - INFO - Reintentando descarga para #compańía 00534... (Intento 1/3)
2026-04-21 09:11:23,603 - root - WARNING - posible falla en espera de elementos para la descarga del archivo
2026-04-21 09:11:25,743 - root - ERROR - No se encontró la palabra 'total' en el último tr.
2026-04-21 09:11:31,482 - root - INFO - Descarga completada para #compańía 00533. Archivos encontrados.
2026-04-21 09:11:36,704 - root - ERROR - Timeout: El elemento con identificador '//*[@id="WebMenuBar"]/tbody/tr/td[1]/table/tbody/tr[2]/td' no es visible o clickeable en 10 segundos.
2026-04-21 09:11:41,942 - root - WARNING - No se encontraron archivos en la carpeta para #compańía 00534. Intentando de nuevo.
2026-04-21 09:11:41,942 - root - INFO - Reintentando descarga para #compańía 00534... (Intento 2/3)
2026-04-21 09:11:52,049 - root - ERROR - Error: no se ha encontrado los informes, archivo final incompleto
2026-04-21 09:22:33,318 - root - INFO - Estado y variables cargados desde C:\RPA\CE_FI_DA_1121_GESTION_CONTABILIZACION_ACTIVOS_FIJOS\Data\json\checkpoint.json
2026-04-21 09:22:33,321 - root - INFO - El archivo de entrada 'C:\CE_FI_DA_1121_Archivos_de_Entrada\Relacion.Cuentas.Dependencias.xlsx' está disponible.
2026-04-21 09:22:33,711 - root - INFO - Conexión exitosa a Internet. Latencia: 388.85 ms.
2026-04-21 09:22:42,501 - root - INFO - No hay sesión activa. Realizando login automático.
2026-04-21 09:23:21,825 - root - INFO - Pantalla de 2A sin registros.
2026-04-21 09:23:32,176 - root - ERROR - Timeout: El elemento con identificador '//*[@id="userSessionDropdownArrow"]' no es visible o clickeable en 10 segundos.
2026-04-21 09:23:42,549 - root - ERROR - Timeout: El elemento con identificador '//*[@id="e1LogoutLink"]' no es visible o clickeable en 10 segundos.
2026-04-21 09:23:48,017 - root - INFO - Paso 1 completado: verificación de 2A.
2026-04-21 09:23:48,020 - root - INFO - Descarga completada para #compańía 00533. Archivos encontrados.
2026-04-21 09:23:52,024 - root - INFO - Descarga completada para #compańía 00598. Archivos encontrados.
2026-04-21 09:24:51,596 - root - WARNING - posible falla en espera de elementos para la descarga del archivo
2026-04-21 09:24:53,743 - root - ERROR - No se encontró la palabra 'total' en el último tr.
2026-04-21 09:25:04,611 - root - ERROR - Timeout: El elemento con identificador '//*[@id="WebMenuBar"]/tbody/tr/td[1]/table/tbody/tr[2]/td' no es visible o clickeable en 10 segundos.
2026-04-21 09:25:11,568 - root - WARNING - No se encontraron archivos en la carpeta para #compańía 00534. Intentando de nuevo.
2026-04-21 09:25:11,568 - root - INFO - Reintentando descarga para #compańía 00534... (Intento 1/3)
2026-04-21 09:25:21,587 - root - ERROR - Error: no se ha encontrado los informes, archivo final incompleto
