2026-02-27 07:21:02,595 - root - INFO - Estado y variables cargados desde C:\RPA\CE_FI_DA_1121_GESTION_CONTABILIZACION_ACTIVOS_FIJOS\Data\json\checkpoint.json
2026-02-27 07:21:02,596 - root - INFO - El archivo de entrada 'C:\CE_FI_DA_1121_Archivos_de_Entrada\Relacion.Cuentas.Dependencias.xlsx' est· disponible.
2026-02-27 07:21:03,020 - root - INFO - ConexiÛn exitosa a Internet. Latencia: 424.31 ms.
2026-02-27 07:22:24,961 - root - INFO - Paso 1 completado: verificaciÛn de 2A.
2026-02-27 07:22:44,803 - root - WARNING - error ucurrido en el login: intento1
2026-02-27 07:23:57,186 - root - INFO - Descarga completada para #compaÒÌa 00534. Archivos encontrados.
2026-02-27 07:24:06,382 - root - INFO - Descarga completada para #compaÒÌa 00598. Archivos encontrados.
2026-02-27 07:24:20,206 - root - INFO - Descarga completada para #compaÒÌa 00533. Archivos encontrados.
2026-02-27 07:24:26,091 - root - INFO - archivo guardado correctamente en: C:\CE_FI_DA_1121_Archivos_de_Salida\Febrero\27-07am\Transacciones pendientes por contabilizar en el filtro_27-Febrero-2026_07am.xlsx
2026-02-27 07:24:26,862 - root - INFO - Se guardo el archivo correctamente
2026-02-27 07:24:28,593 - root - INFO - El archivo ha sido actualizado en la hoja con los cambios realizados en 'Responsable'.
2026-02-27 07:24:31,738 - root - INFO - se actualizo correctamente el excel usando el excel de referencia: C:\CE_FI_DA_1121_Archivos_de_Salida\Febrero\26-11am\Transacciones pendientes por contabilizar en el filtro_26-Febrero-2026_11am.xlsx
2026-02-27 07:27:09,428 - root - INFO - archivo guardado correctamente, por favor revisar la ruta: C:\CE_FI_DA_1121_Archivos_de_Salida\Febrero\27-07am\Transacciones pendientes por contabilizar en el filtro_27-Febrero-2026_07am.xlsx
2026-02-27 14:26:38,217 - root - INFO - Estado y variables cargados desde C:\RPA\CE_FI_DA_1121_GESTION_CONTABILIZACION_ACTIVOS_FIJOS\Data\json\checkpoint.json
2026-02-27 14:26:38,219 - root - INFO - El archivo de entrada 'C:\CE_FI_DA_1121_Archivos_de_Entrada\Relacion.Cuentas.Dependencias.xlsx' est· disponible.
2026-02-27 14:26:38,705 - root - INFO - ConexiÛn exitosa a Internet. Latencia: 485.32 ms.
2026-02-27 14:27:26,372 - root - WARNING - no se encontraron registros
2026-02-27 14:27:29,632 - root - INFO - Paso 1 completado: verificaciÛn de 2A.
2026-02-27 14:29:23,949 - root - WARNING - posible falla en espera de elementos para la descarga del archivo
2026-02-27 14:29:26,013 - root - ERROR - No se encontrÛ la palabra 'total' en el ˙ltimo tr.
2026-02-27 14:29:36,412 - root - ERROR - Timeout: El elemento con identificador '//*[@id="WebMenuBar"]/tbody/tr/td[1]/table/tbody/tr[2]/td' no es visible o clickeable en 10 segundos.
2026-02-27 14:29:39,212 - root - ERROR - Timeout: El elemento con identificador '//*[@id="WebMenuBar"]/tbody/tr/td[1]/table/tbody/tr[2]/td' no es visible o clickeable en 10 segundos.
2026-02-27 14:29:41,514 - root - WARNING - No se encontraron archivos en la carpeta para #compaÒÌa 00598. Intentando de nuevo.
2026-02-27 14:29:41,515 - root - INFO - Reintentando descarga para #compaÒÌa 00598... (Intento 1/3)
2026-02-27 14:29:44,349 - root - WARNING - No se encontraron archivos en la carpeta para #compaÒÌa 00533. Intentando de nuevo.
2026-02-27 14:29:44,349 - root - INFO - Reintentando descarga para #compaÒÌa 00533... (Intento 1/3)
2026-02-27 14:30:34,802 - root - INFO - Descarga completada para #compaÒÌa 00534. Archivos encontrados.
2026-02-27 14:30:42,130 - root - ERROR - Timeout: El elemento con identificador '//*[@id="WebMenuBar"]/tbody/tr/td[1]/table/tbody/tr[2]/td' no es visible o clickeable en 10 segundos.
2026-02-27 14:30:47,289 - root - WARNING - No se encontraron archivos en la carpeta para #compaÒÌa 00598. Intentando de nuevo.
2026-02-27 14:30:47,289 - root - INFO - Reintentando descarga para #compaÒÌa 00598... (Intento 2/3)
2026-02-27 14:30:57,307 - root - ERROR - Error: no se ha encontrado los informes, archivo final incompleto
2026-02-27 14:37:16,097 - root - INFO - Estado y variables cargados desde C:\RPA\CE_FI_DA_1121_GESTION_CONTABILIZACION_ACTIVOS_FIJOS\Data\json\checkpoint.json
2026-02-27 14:37:16,097 - root - INFO - El archivo de entrada 'C:\CE_FI_DA_1121_Archivos_de_Entrada\Relacion.Cuentas.Dependencias.xlsx' est· disponible.
2026-02-27 14:37:16,572 - root - INFO - ConexiÛn exitosa a Internet. Latencia: 474.98 ms.
2026-02-27 14:38:00,483 - root - WARNING - no se encontraron registros
2026-02-27 14:38:04,039 - root - INFO - Paso 1 completado: verificaciÛn de 2A.
2026-02-27 14:38:06,044 - root - INFO - Descarga completada para #compaÒÌa 00534. Archivos encontrados.
2026-02-27 14:38:53,132 - root - INFO - Descarga completada para #compaÒÌa 00598. Archivos encontrados.
2026-02-27 14:38:53,995 - root - INFO - Descarga completada para #compaÒÌa 00533. Archivos encontrados.
2026-02-27 14:39:02,934 - root - INFO - archivo guardado correctamente en: C:\CE_FI_DA_1121_Archivos_de_Salida\Febrero\27-02pm\Transacciones pendientes por contabilizar en el filtro_27-Febrero-2026_02pm.xlsx
2026-02-27 14:39:03,471 - root - INFO - Se guardo el archivo correctamente
2026-02-27 14:39:04,207 - root - INFO - El archivo ha sido actualizado en la hoja con los cambios realizados en 'Responsable'.
2026-02-27 14:39:04,600 - root - ERROR - Error al ejecutar el paso 'unificar_excel': single positional indexer is out-of-bounds
2026-02-27 14:41:50,266 - root - INFO - Estado y variables cargados desde C:\RPA\CE_FI_DA_1121_GESTION_CONTABILIZACION_ACTIVOS_FIJOS\Data\json\checkpoint.json
2026-02-27 14:41:50,266 - root - INFO - El archivo de entrada 'C:\CE_FI_DA_1121_Archivos_de_Entrada\Relacion.Cuentas.Dependencias.xlsx' est· disponible.
2026-02-27 14:41:50,684 - root - INFO - ConexiÛn exitosa a Internet. Latencia: 417.25 ms.
2026-02-27 14:42:16,336 - root - WARNING - no se encontraron registros
2026-02-27 14:42:19,753 - root - INFO - Paso 1 completado: verificaciÛn de 2A.
2026-02-27 14:42:19,755 - root - INFO - Descarga completada para #compaÒÌa 00533. Archivos encontrados.
2026-02-27 14:42:21,756 - root - INFO - Descarga completada para #compaÒÌa 00534. Archivos encontrados.
2026-02-27 14:42:23,757 - root - INFO - Descarga completada para #compaÒÌa 00598. Archivos encontrados.
2026-02-27 14:42:25,822 - root - INFO - El archivo Transacciones pendientes por contabilizar en el filtro_27-Febrero-2026_02pm.xlsx ya existe. No se guardar· el archivo para evitar sobrescribir.
2026-02-27 14:42:26,084 - root - INFO - Se guardo el archivo correctamente
2026-02-27 14:42:26,452 - root - INFO - El archivo ha sido actualizado en la hoja con los cambios realizados en 'Responsable'.
2026-02-27 14:42:26,620 - root - ERROR - Error al ejecutar el paso 'unificar_excel': single positional indexer is out-of-bounds
2026-02-27 14:44:31,737 - root - INFO - Estado y variables cargados desde C:\RPA\CE_FI_DA_1121_GESTION_CONTABILIZACION_ACTIVOS_FIJOS\Data\json\checkpoint.json
2026-02-27 14:44:31,737 - root - INFO - El archivo de entrada 'C:\CE_FI_DA_1121_Archivos_de_Entrada\Relacion.Cuentas.Dependencias.xlsx' est· disponible.
2026-02-27 14:44:32,122 - root - INFO - ConexiÛn exitosa a Internet. Latencia: 384.27 ms.
2026-02-27 14:45:03,686 - root - WARNING - no se encontraron registros
2026-02-27 14:45:07,123 - root - INFO - Paso 1 completado: verificaciÛn de 2A.
2026-02-27 14:45:27,078 - root - WARNING - error ucurrido en el login: intento1
2026-02-27 14:45:50,777 - root - INFO - Descarga completada para #compaÒÌa 00533. Archivos encontrados.
2026-02-27 14:45:58,705 - root - ERROR - Timeout: El elemento con identificador 'C0_100' no es visible o clickeable en 10 segundos.
2026-02-27 14:46:11,990 - root - INFO - Descarga completada para #compaÒÌa 00598. Archivos encontrados.
2026-02-27 14:46:24,092 - root - ERROR - Timeout: El elemento con identificador 'C0_100' no es visible o clickeable en 10 segundos.
2026-02-27 14:47:23,677 - root - INFO - Descarga completada para #compaÒÌa 00534. Archivos encontrados.
2026-02-27 14:47:27,518 - root - INFO - archivo guardado correctamente en: C:\CE_FI_DA_1121_Archivos_de_Salida\Febrero\27-02pm\Transacciones pendientes por contabilizar en el filtro_27-Febrero-2026_02pm.xlsx
2026-02-27 14:47:27,797 - root - INFO - Se guardo el archivo correctamente
2026-02-27 14:47:28,275 - root - INFO - El archivo ha sido actualizado en la hoja con los cambios realizados en 'Responsable'.
2026-02-27 14:55:00,792 - root - INFO - archivo guardado correctamente, por favor revisar la ruta: C:\CE_FI_DA_1121_Archivos_de_Salida\Febrero\27-02pm\Transacciones pendientes por contabilizar en el filtro_27-Febrero-2026_02pm.xlsx
