2026-02-03 08:22:13,392 - root - INFO - Estado y variables cargados desde C:\RPA\CE_FI_DA_1121_GESTION_CONTABILIZACION_ACTIVOS_FIJOS\Data\json\checkpoint.json
2026-02-03 08:22:13,392 - root - INFO - El archivo de entrada 'C:\CE_FI_DA_1121_Archivos_de_Entrada\RelacionCuentas.Dependencias.xlsx' está disponible.
2026-02-03 08:22:13,727 - root - INFO - Conexión exitosa a Internet. Latencia: 334.68 ms.
2026-02-03 08:23:41,901 - root - INFO - Paso 1 completado: verificación de 2A.
2026-02-03 08:25:21,704 - root - WARNING - No se pudo encontrar o esperar a que el elemento GOTOLAST0_1 sea visible.
2026-02-03 08:25:24,943 - root - WARNING - posible falla en espera de elementos para la descarga del archivo
2026-02-03 08:25:27,023 - root - ERROR - No se encontró la palabra 'total' en el último tr.
2026-02-03 08:25:28,162 - root - INFO - Descarga completada para #compańía 00533. Archivos encontrados.
2026-02-03 08:25:37,172 - root - ERROR - Timeout: El elemento con identificador '//*[@id="WebMenuBar"]/tbody/tr/td[1]/table/tbody/tr[2]/td' no es visible o clickeable en 10 segundos.
2026-02-03 08:25:37,397 - root - ERROR - Timeout: El elemento con identificador '//*[@id="WebMenuBar"]/tbody/tr/td[1]/table/tbody/tr[2]/td' no es visible o clickeable en 10 segundos.
2026-02-03 08:25:42,289 - root - WARNING - No se encontraron archivos en la carpeta para #compańía 00598. Intentando de nuevo.
2026-02-03 08:25:42,289 - root - INFO - Reintentando descarga para #compańía 00598... (Intento 1/3)
2026-02-03 08:25:42,497 - root - WARNING - No se encontraron archivos en la carpeta para #compańía 00534. Intentando de nuevo.
2026-02-03 08:25:42,497 - root - INFO - Reintentando descarga para #compańía 00534... (Intento 1/3)
2026-02-03 08:26:13,091 - root - WARNING - No se pudo encontrar o esperar a que el elemento GOTOLAST0_1 sea visible.
2026-02-03 08:26:15,068 - root - ERROR - No se encontró la palabra 'total' en el último tr.
2026-02-03 08:26:21,051 - root - INFO - Descarga completada para #compańía 00534. Archivos encontrados.
2026-02-03 08:26:24,396 - root - INFO - Descarga completada para #compańía 00598. Archivos encontrados.
2026-02-03 08:26:27,453 - root - INFO - archivo guardado correctamente en: C:\CE_FI_DA_1121_Archivos_de_Salida\Febrero\3-08am\Transacciones pendientes por contabilizar en el filtro_3-Febrero-2026_08am.xlsx
2026-02-03 08:26:27,701 - root - INFO - Se guardo el archivo correctamente
2026-02-03 08:26:28,012 - root - INFO - El archivo ha sido actualizado en la hoja con los cambios realizados en 'Responsable'.
2026-02-03 08:26:28,566 - root - INFO - se actualizo correctamente el excel usando el excel de referencia: C:\CE_FI_DA_1121_Archivos_de_Salida\Febrero\2-02pm\Transacciones pendientes por contabilizar en el filtro_2-Febrero-2026_02pm.xlsx
2026-02-03 08:33:58,435 - root - INFO - archivo guardado correctamente, por favor revisar la ruta: C:\CE_FI_DA_1121_Archivos_de_Salida\Febrero\3-08am\Transacciones pendientes por contabilizar en el filtro_3-Febrero-2026_08am.xlsx
