2026-03-02 08:18:54,911 - root - INFO - Estado y variables cargados desde C:\RPA\CE_FI_DA_1121_GESTION_CONTABILIZACION_ACTIVOS_FIJOS\Data\json\checkpoint.json
2026-03-02 08:18:54,911 - root - INFO - El archivo de entrada 'C:\CE_FI_DA_1121_Archivos_de_Entrada\Relacion.Cuentas.Dependencias.xlsx' está disponible.
2026-03-02 08:18:55,357 - root - INFO - Conexión exitosa a Internet. Latencia: 445.44 ms.
2026-03-02 08:19:41,502 - root - WARNING - no se encontraron registros
2026-03-02 08:19:44,607 - root - INFO - Paso 1 completado: verificación de 2A.
2026-03-02 08:21:10,842 - root - ERROR - Error en descarga del informe de #compania 00534: Alert Text: EXCEPCIÓN DE CLIENTE WEB
El cliente Web ha detectado una excepción. Póngase en contacto con su administrador del sistema. Consulte el registro para obtener más detalles. ID de excepción =Exception_2026-03-02 08:21:10.251_LLACHHE   Hubo un problema con el servidor mientras se ejecutaba la función de negocios F0012GetAAIRangeOfAccounts.
Salga de la aplicación y vuelva a iniciarla.
Grid Record is Fetched Número de línea 39
P12102_W12102A
Message: unexpected alert open: {Alert text : EXCEPCIÓN DE CLIENTE WEB
El cliente Web ha detectado una excepción. Póngase en contacto con su administrador del sistema. Consulte el registro para obtener más detalles. ID de excepción =Exception_2026-03-02 08:21:10.251_LLACHHE   Hubo un problema con el servidor mientras se ejecutaba la función de negocios F0012GetAAIRangeOfAccounts.
Salga de la aplicación y vuelva a iniciarla.
Grid Record is Fetched Número de línea 39
P12102_W12102A}
  (Session info: chrome=145.0.7632.117)
Stacktrace:
Symbols not available. Dumping unresolved backtrace:
	0x7ff7c1eb5715
	0x7ff7c1eb5770
	0x7ff7c1c6108d
	0x7ff7c1d0a8cb
	0x7ff7c1cacc28
	0x7ff7c1cadb33
	0x7ff7c219e9f0
	0x7ff7c2198ded
	0x7ff7c21b969a
	0x7ff7c1ed11e5
	0x7ff7c1ed99cc
	0x7ff7c1ebebf4
	0x7ff7c1ebeda6
	0x7ff7c1ea4e87
	0x7ffca06ce8d7
	0x7ffca16ac53c

2026-03-02 08:21:10,843 - root - INFO - Reintentando para #compańía 00534... (Intento 1/3)
2026-03-02 08:21:20,841 - root - WARNING - No se pudo encontrar o esperar a que el elemento GOTOLAST0_1 sea visible.
2026-03-02 08:21:29,666 - root - ERROR - Timeout: El elemento con identificador '//*[@id="WebMenuBar"]/tbody/tr/td[1]/table/tbody/tr[2]/td' no es visible o clickeable en 10 segundos.
2026-03-02 08:21:34,799 - root - WARNING - No se encontraron archivos en la carpeta para #compańía 00533. Intentando de nuevo.
2026-03-02 08:21:34,799 - root - INFO - Reintentando descarga para #compańía 00533... (Intento 1/3)
2026-03-02 08:21:36,314 - root - ERROR - Timeout: El elemento con identificador '//*[@id="WebMenuBar"]/tbody/tr/td[1]/table/tbody/tr[2]/td' no es visible o clickeable en 10 segundos.
2026-03-02 08:21:41,455 - root - WARNING - No se encontraron archivos en la carpeta para #compańía 00598. Intentando de nuevo.
2026-03-02 08:21:41,455 - root - INFO - Reintentando descarga para #compańía 00598... (Intento 1/3)
2026-03-02 08:21:44,940 - root - INFO - Descarga completada para #compańía 00534. Archivos encontrados.
2026-03-02 08:22:11,788 - root - WARNING - No se pudo encontrar o esperar a que el elemento GOTOLAST0_1 sea visible.
2026-03-02 08:22:27,259 - root - ERROR - Timeout: El elemento con identificador '//*[@id="WebMenuBar"]/tbody/tr/td[1]/table/tbody/tr[2]/td' no es visible o clickeable en 10 segundos.
2026-03-02 08:22:32,360 - root - WARNING - No se encontraron archivos en la carpeta para #compańía 00598. Intentando de nuevo.
2026-03-02 08:22:32,360 - root - INFO - Reintentando descarga para #compańía 00598... (Intento 2/3)
2026-03-02 08:22:42,361 - root - ERROR - Error: no se ha encontrado los informes, archivo final incompleto
2026-03-02 08:23:00,332 - root - INFO - Estado y variables cargados desde C:\RPA\CE_FI_DA_1121_GESTION_CONTABILIZACION_ACTIVOS_FIJOS\Data\json\checkpoint.json
2026-03-02 08:23:00,332 - root - INFO - El archivo de entrada 'C:\CE_FI_DA_1121_Archivos_de_Entrada\Relacion.Cuentas.Dependencias.xlsx' está disponible.
2026-03-02 08:23:00,643 - root - INFO - Conexión exitosa a Internet. Latencia: 310.71 ms.
2026-03-02 08:23:30,986 - root - WARNING - no se encontraron registros
2026-03-02 08:23:34,197 - root - INFO - Paso 1 completado: verificación de 2A.
2026-03-02 08:23:36,200 - root - INFO - Descarga completada para #compańía 00534. Archivos encontrados.
2026-03-02 08:24:11,490 - root - WARNING - No se pudo encontrar o esperar a que el elemento GOTOLAST0_1 sea visible.
2026-03-02 08:24:22,689 - root - INFO - Descarga completada para #compańía 00533. Archivos encontrados.
2026-03-02 08:24:22,768 - root - INFO - Descarga completada para #compańía 00598. Archivos encontrados.
2026-03-02 08:24:30,855 - root - INFO - archivo guardado correctamente en: C:\CE_FI_DA_1121_Archivos_de_Salida\Marzo\2-08am\Transacciones pendientes por contabilizar en el filtro_2-Marzo-2026_08am.xlsx
2026-03-02 08:24:31,183 - root - INFO - Se guardo el archivo correctamente
2026-03-02 08:24:31,578 - root - INFO - El archivo ha sido actualizado en la hoja con los cambios realizados en 'Responsable'.
2026-03-02 08:29:49,910 - root - INFO - archivo guardado correctamente, por favor revisar la ruta: C:\CE_FI_DA_1121_Archivos_de_Salida\Marzo\2-08am\Transacciones pendientes por contabilizar en el filtro_2-Marzo-2026_08am.xlsx
2026-03-02 14:04:43,372 - root - INFO - Estado y variables cargados desde C:\RPA\CE_FI_DA_1121_GESTION_CONTABILIZACION_ACTIVOS_FIJOS\Data\json\checkpoint.json
2026-03-02 14:04:43,373 - root - INFO - El archivo de entrada 'C:\CE_FI_DA_1121_Archivos_de_Entrada\Relacion.Cuentas.Dependencias.xlsx' está disponible.
2026-03-02 14:04:43,890 - root - INFO - Conexión exitosa a Internet. Latencia: 516.8 ms.
2026-03-02 14:05:29,221 - root - WARNING - no se encontraron registros
2026-03-02 14:05:32,663 - root - INFO - Paso 1 completado: verificación de 2A.
2026-03-02 14:07:07,437 - root - WARNING - No se pudo encontrar o esperar a que el elemento GOTOLAST0_1 sea visible.
2026-03-02 14:07:10,051 - root - INFO - Descarga completada para #compańía 00533. Archivos encontrados.
2026-03-02 14:07:16,570 - root - INFO - Descarga completada para #compańía 00534. Archivos encontrados.
2026-03-02 14:07:19,022 - root - INFO - Descarga completada para #compańía 00598. Archivos encontrados.
2026-03-02 14:07:23,015 - root - INFO - archivo guardado correctamente en: C:\CE_FI_DA_1121_Archivos_de_Salida\Marzo\2-02pm\Transacciones pendientes por contabilizar en el filtro_2-Marzo-2026_02pm.xlsx
2026-03-02 14:07:23,638 - root - INFO - Se guardo el archivo correctamente
2026-03-02 14:07:24,401 - root - INFO - El archivo ha sido actualizado en la hoja con los cambios realizados en 'Responsable'.
2026-03-02 14:07:24,738 - root - ERROR - Error al ejecutar el paso 'unificar_excel': single positional indexer is out-of-bounds
2026-03-02 14:08:14,708 - root - INFO - Estado y variables cargados desde C:\RPA\CE_FI_DA_1121_GESTION_CONTABILIZACION_ACTIVOS_FIJOS\Data\json\checkpoint.json
2026-03-02 14:09:59,694 - root - INFO - Estado y variables cargados desde C:\RPA\CE_FI_DA_1121_GESTION_CONTABILIZACION_ACTIVOS_FIJOS\Data\json\checkpoint.json
2026-03-02 14:09:59,694 - root - INFO - El archivo de entrada 'C:\CE_FI_DA_1121_Archivos_de_Entrada\Relacion.Cuentas.Dependencias.xlsx' está disponible.
2026-03-02 14:10:00,123 - root - INFO - Conexión exitosa a Internet. Latencia: 429.2 ms.
2026-03-02 14:10:41,408 - root - WARNING - no se encontraron registros
2026-03-02 14:10:44,685 - root - INFO - Paso 1 completado: verificación de 2A.
2026-03-02 14:10:44,686 - root - INFO - Descarga completada para #compańía 00533. Archivos encontrados.
2026-03-02 14:10:46,688 - root - INFO - Descarga completada para #compańía 00534. Archivos encontrados.
2026-03-02 14:10:48,690 - root - INFO - Descarga completada para #compańía 00598. Archivos encontrados.
2026-03-02 14:10:50,751 - root - INFO - El archivo Transacciones pendientes por contabilizar en el filtro_2-Marzo-2026_02pm.xlsx ya existe. No se guardará el archivo para evitar sobrescribir.
2026-03-02 14:10:51,091 - root - INFO - Se guardo el archivo correctamente
2026-03-02 14:10:51,500 - root - INFO - El archivo ha sido actualizado en la hoja con los cambios realizados en 'Responsable'.
2026-03-02 14:13:50,189 - root - WARNING - error ucurrido en el login: intento1
2026-03-02 14:14:44,454 - root - INFO - archivo guardado correctamente, por favor revisar la ruta: C:\CE_FI_DA_1121_Archivos_de_Salida\Marzo\2-02pm\Transacciones pendientes por contabilizar en el filtro_2-Marzo-2026_02pm.xlsx
2026-03-02 17:56:38,781 - root - INFO - Estado y variables cargados desde C:\RPA\CE_FI_DA_1121_GESTION_CONTABILIZACION_ACTIVOS_FIJOS\Data\json\checkpoint.json
2026-03-02 17:56:38,794 - root - INFO - El archivo de entrada 'C:\CE_FI_DA_1121_Archivos_de_Entrada\Relacion.Cuentas.Dependencias.xlsx' está disponible.
2026-03-02 17:56:39,385 - root - INFO - Conexión exitosa a Internet. Latencia: 590.96 ms.
2026-03-02 17:57:22,562 - root - WARNING - no se encontraron registros
2026-03-02 17:57:26,028 - root - INFO - Paso 1 completado: verificación de 2A.
2026-03-02 17:57:40,192 - root - WARNING - error ucurrido en el login: intento1
2026-03-02 17:59:00,800 - root - WARNING - posible falla en espera de elementos para la descarga del archivo
2026-03-02 17:59:02,916 - root - ERROR - No se encontró la palabra 'total' en el último tr.
2026-03-02 17:59:05,814 - root - INFO - Descarga completada para #compańía 00534. Archivos encontrados.
2026-03-02 17:59:13,585 - root - ERROR - Timeout: El elemento con identificador '//*[@id="WebMenuBar"]/tbody/tr/td[1]/table/tbody/tr[2]/td' no es visible o clickeable en 10 segundos.
2026-03-02 17:59:15,611 - root - WARNING - No se pudo encontrar o esperar a que el elemento GOTOLAST0_1 sea visible.
2026-03-02 17:59:18,745 - root - WARNING - No se encontraron archivos en la carpeta para #compańía 00533. Intentando de nuevo.
2026-03-02 17:59:18,745 - root - INFO - Reintentando descarga para #compańía 00533... (Intento 1/3)
2026-03-02 17:59:31,390 - root - ERROR - Timeout: El elemento con identificador '//*[@id="WebMenuBar"]/tbody/tr/td[1]/table/tbody/tr[2]/td' no es visible o clickeable en 10 segundos.
2026-03-02 17:59:46,589 - root - ERROR - Timeout: El elemento con identificador 'C0_89' no es visible o clickeable en 10 segundos.
2026-03-02 17:59:46,591 - root - WARNING - No se encontraron archivos en la carpeta para #compańía 00598. Intentando de nuevo.
2026-03-02 17:59:46,591 - root - INFO - Reintentando descarga para #compańía 00598... (Intento 1/3)
2026-03-02 18:00:03,117 - root - INFO - Descarga completada para #compańía 00533. Archivos encontrados.
2026-03-02 18:00:26,646 - root - WARNING - No se pudo encontrar o esperar a que el elemento GOTOLAST0_1 sea visible.
2026-03-02 18:00:37,744 - root - INFO - Descarga completada para #compańía 00598. Archivos encontrados.
2026-03-02 18:00:41,772 - root - INFO - archivo guardado correctamente en: C:\CE_FI_DA_1121_Archivos_de_Salida\Marzo\2-05pm\Transacciones pendientes por contabilizar en el filtro_2-Marzo-2026_05pm.xlsx
2026-03-02 18:00:42,469 - root - INFO - Se guardo el archivo correctamente
2026-03-02 18:00:43,283 - root - INFO - El archivo ha sido actualizado en la hoja con los cambios realizados en 'Responsable'.
2026-03-02 18:02:33,925 - root - INFO - archivo guardado correctamente, por favor revisar la ruta: C:\CE_FI_DA_1121_Archivos_de_Salida\Marzo\2-05pm\Transacciones pendientes por contabilizar en el filtro_2-Marzo-2026_05pm.xlsx
