2026-02-24 08:05:21,087 - root - INFO - Estado y variables cargados desde C:\RPA\CE_FI_DA_1121_GESTION_CONTABILIZACION_ACTIVOS_FIJOS\Data\json\checkpoint.json
2026-02-24 08:05:21,087 - root - INFO - El archivo de entrada 'C:\CE_FI_DA_1121_Archivos_de_Entrada\Relacion.Cuentas.Dependencias.xlsx' está disponible.
2026-02-24 08:05:21,669 - root - INFO - Conexión exitosa a Internet. Latencia: 581.51 ms.
2026-02-24 08:06:50,132 - root - INFO - Paso 1 completado: verificación de 2A.
2026-02-24 08:08:22,434 - root - WARNING - posible falla en espera de elementos para la descarga del archivo
2026-02-24 08:08:22,799 - root - WARNING - posible falla en espera de elementos para la descarga del archivo
2026-02-24 08:08:24,541 - root - ERROR - No se encontró la palabra 'total' en el último tr.
2026-02-24 08:08:24,923 - root - ERROR - No se encontró la palabra 'total' en el último tr.
2026-02-24 08:08:34,027 - root - INFO - Descarga completada para #compańía 00598. Archivos encontrados.
2026-02-24 08:08:35,634 - root - ERROR - Timeout: El elemento con identificador '//*[@id="WebMenuBar"]/tbody/tr/td[1]/table/tbody/tr[2]/td' no es visible o clickeable en 10 segundos.
2026-02-24 08:08:50,877 - root - ERROR - Timeout: El elemento con identificador 'C0_89' no es visible o clickeable en 10 segundos.
2026-02-24 08:08:50,878 - root - WARNING - No se encontraron archivos en la carpeta para #compańía 00533. Intentando de nuevo.
2026-02-24 08:08:50,878 - root - INFO - Reintentando descarga para #compańía 00533... (Intento 1/3)
2026-02-24 08:08:55,115 - root - INFO - Descarga completada para #compańía 00534. Archivos encontrados.
2026-02-24 08:09:42,933 - root - INFO - Descarga completada para #compańía 00533. Archivos encontrados.
2026-02-24 08:09:45,606 - root - WARNING - Intentando reparar el archivo XML mal formado: C:\CE_FI_DA_1121_Archivos_de_Salida\Febrero\24-08am\00533\Book1.xls
2026-02-24 08:09:50,968 - root - INFO - archivo guardado correctamente en: C:\CE_FI_DA_1121_Archivos_de_Salida\Febrero\24-08am\Transacciones pendientes por contabilizar en el filtro_24-Febrero-2026_08am.xlsx
2026-02-24 08:09:52,542 - root - INFO - Se guardo el archivo correctamente
2026-02-24 08:09:55,654 - root - INFO - El archivo ha sido actualizado en la hoja con los cambios realizados en 'Responsable'.
2026-02-24 08:10:00,967 - root - INFO - se actualizo correctamente el excel usando el excel de referencia: C:\CE_FI_DA_1121_Archivos_de_Salida\Febrero\23-07am\Transacciones pendientes por contabilizar en el filtro_23-Febrero-2026_07am.xlsx
2026-02-24 08:12:04,991 - root - INFO - archivo guardado correctamente, por favor revisar la ruta: C:\CE_FI_DA_1121_Archivos_de_Salida\Febrero\24-08am\Transacciones pendientes por contabilizar en el filtro_24-Febrero-2026_08am.xlsx
