2026-03-03 07:24:34,199 - root - INFO - Estado y variables cargados desde C:\RPA\CE_FI_DA_1121_GESTION_CONTABILIZACION_ACTIVOS_FIJOS\Data\json\checkpoint.json
2026-03-03 07:24:34,200 - root - INFO - El archivo de entrada 'C:\CE_FI_DA_1121_Archivos_de_Entrada\Relacion.Cuentas.Dependencias.xlsx' está disponible.
2026-03-03 07:24:34,696 - root - INFO - Conexión exitosa a Internet. Latencia: 495.23 ms.
2026-03-03 07:26:02,984 - root - INFO - Paso 1 completado: verificación de 2A.
2026-03-03 07:27:31,440 - root - WARNING - No se pudo encontrar o esperar a que el elemento GOTOLAST0_1 sea visible.
2026-03-03 07:27:34,624 - root - WARNING - posible falla en espera de elementos para la descarga del archivo
2026-03-03 07:27:34,626 - root - WARNING - posible falla en espera de elementos para la descarga del archivo
2026-03-03 07:27:36,745 - root - ERROR - No se encontró la palabra 'total' en el último tr.
2026-03-03 07:27:36,747 - root - ERROR - No se encontró la palabra 'total' en el último tr.
2026-03-03 07:27:47,738 - root - ERROR - Timeout: El elemento con identificador '//*[@id="WebMenuBar"]/tbody/tr/td[1]/table/tbody/tr[2]/td' no es visible o clickeable en 10 segundos.
2026-03-03 07:27:47,743 - root - ERROR - Timeout: El elemento con identificador '//*[@id="WebMenuBar"]/tbody/tr/td[1]/table/tbody/tr[2]/td' no es visible o clickeable en 10 segundos.
2026-03-03 07:27:47,757 - root - ERROR - Timeout: El elemento con identificador '//*[@id="WebMenuBar"]/tbody/tr/td[1]/table/tbody/tr[2]/td' no es visible o clickeable en 10 segundos.
2026-03-03 07:27:52,983 - root - WARNING - No se encontraron archivos en la carpeta para #compańía 00534. Intentando de nuevo.
2026-03-03 07:27:52,983 - root - INFO - Reintentando descarga para #compańía 00534... (Intento 1/3)
2026-03-03 07:27:52,996 - root - WARNING - No se encontraron archivos en la carpeta para #compańía 00533. Intentando de nuevo.
2026-03-03 07:27:52,997 - root - INFO - Reintentando descarga para #compańía 00533... (Intento 1/3)
2026-03-03 07:28:03,154 - root - ERROR - Timeout: El elemento con identificador 'C0_89' no es visible o clickeable en 10 segundos.
2026-03-03 07:28:03,155 - root - WARNING - No se encontraron archivos en la carpeta para #compańía 00598. Intentando de nuevo.
2026-03-03 07:28:03,155 - root - INFO - Reintentando descarga para #compańía 00598... (Intento 1/3)
2026-03-03 07:28:30,586 - root - INFO - Descarga completada para #compańía 00533. Archivos encontrados.
2026-03-03 07:28:30,986 - root - INFO - Descarga completada para #compańía 00534. Archivos encontrados.
2026-03-03 07:28:34,976 - root - WARNING - No se pudo encontrar o esperar a que el elemento GOTOLAST0_1 sea visible.
2026-03-03 07:28:51,203 - root - ERROR - Timeout: El elemento con identificador '//*[@id="WebMenuBar"]/tbody/tr/td[1]/table/tbody/tr[2]/td' no es visible o clickeable en 10 segundos.
2026-03-03 07:29:06,588 - root - ERROR - Timeout: El elemento con identificador 'C0_89' no es visible o clickeable en 10 segundos.
2026-03-03 07:29:06,589 - root - WARNING - No se encontraron archivos en la carpeta para #compańía 00598. Intentando de nuevo.
2026-03-03 07:29:06,589 - root - INFO - Reintentando descarga para #compańía 00598... (Intento 2/3)
2026-03-03 07:29:38,527 - root - WARNING - No se pudo encontrar o esperar a que el elemento GOTOLAST0_1 sea visible.
2026-03-03 07:29:54,795 - root - ERROR - Timeout: El elemento con identificador '//*[@id="WebMenuBar"]/tbody/tr/td[1]/table/tbody/tr[2]/td' no es visible o clickeable en 10 segundos.
2026-03-03 07:30:10,212 - root - ERROR - Timeout: El elemento con identificador 'C0_89' no es visible o clickeable en 10 segundos.
2026-03-03 07:30:10,214 - root - WARNING - No se encontraron archivos en la carpeta para #compańía 00598. Intentando de nuevo.
2026-03-03 07:30:10,214 - root - ERROR - Se alcanzó el máximo de intentos (3) para #compańía 00598. No se pudo completar la descarga.
2026-03-03 07:30:11,292 - root - ERROR - Error: no se ha encontrado los informes, archivo final incompleto
2026-03-03 07:30:22,778 - root - INFO - Estado y variables cargados desde C:\RPA\CE_FI_DA_1121_GESTION_CONTABILIZACION_ACTIVOS_FIJOS\Data\json\checkpoint.json
2026-03-03 07:30:22,778 - root - INFO - El archivo de entrada 'C:\CE_FI_DA_1121_Archivos_de_Entrada\Relacion.Cuentas.Dependencias.xlsx' está disponible.
2026-03-03 07:30:23,130 - root - INFO - Conexión exitosa a Internet. Latencia: 351.27 ms.
2026-03-03 07:31:08,839 - root - WARNING - no se encontraron registros
2026-03-03 07:31:12,426 - root - INFO - Paso 1 completado: verificación de 2A.
2026-03-03 07:31:12,429 - root - INFO - Descarga completada para #compańía 00533. Archivos encontrados.
2026-03-03 07:31:14,430 - root - INFO - Descarga completada para #compańía 00534. Archivos encontrados.
2026-03-03 07:31:52,183 - root - WARNING - No se pudo encontrar o esperar a que el elemento GOTOLAST0_1 sea visible.
2026-03-03 07:32:04,098 - root - INFO - Descarga completada para #compańía 00598. Archivos encontrados.
2026-03-03 07:32:10,503 - root - INFO - archivo guardado correctamente en: C:\CE_FI_DA_1121_Archivos_de_Salida\Marzo\3-07am\Transacciones pendientes por contabilizar en el filtro_3-Marzo-2026_07am.xlsx
2026-03-03 07:32:11,005 - root - INFO - Se guardo el archivo correctamente
2026-03-03 07:32:11,701 - root - INFO - El archivo ha sido actualizado en la hoja con los cambios realizados en 'Responsable'.
2026-03-03 07:35:39,474 - root - INFO - archivo guardado correctamente, por favor revisar la ruta: C:\CE_FI_DA_1121_Archivos_de_Salida\Marzo\3-07am\Transacciones pendientes por contabilizar en el filtro_3-Marzo-2026_07am.xlsx
2026-03-03 09:17:27,694 - root - INFO - Estado y variables cargados desde C:\RPA\CE_FI_DA_1121_GESTION_CONTABILIZACION_ACTIVOS_FIJOS\Data\json\checkpoint.json
2026-03-03 09:17:27,708 - root - INFO - El archivo de entrada 'C:\CE_FI_DA_1121_Archivos_de_Entrada\Relacion.Cuentas.Dependencias.xlsx' está disponible.
2026-03-03 09:17:28,233 - root - INFO - Conexión exitosa a Internet. Latencia: 525.08 ms.
2026-03-03 09:18:15,372 - root - WARNING - no se encontraron registros
2026-03-03 09:18:18,528 - root - INFO - Paso 1 completado: verificación de 2A.
2026-03-03 09:20:01,151 - root - WARNING - No se pudo encontrar o esperar a que el elemento GOTOLAST0_1 sea visible.
2026-03-03 09:20:10,101 - root - INFO - Descarga completada para #compańía 00534. Archivos encontrados.
2026-03-03 09:20:10,713 - root - INFO - Descarga completada para #compańía 00533. Archivos encontrados.
2026-03-03 09:20:12,694 - root - INFO - Descarga completada para #compańía 00598. Archivos encontrados.
2026-03-03 09:20:16,487 - root - INFO - archivo guardado correctamente en: C:\CE_FI_DA_1121_Archivos_de_Salida\Marzo\3-09am\Transacciones pendientes por contabilizar en el filtro_3-Marzo-2026_09am.xlsx
2026-03-03 09:20:16,994 - root - INFO - Se guardo el archivo correctamente
2026-03-03 09:20:17,719 - root - INFO - El archivo ha sido actualizado en la hoja con los cambios realizados en 'Responsable'.
2026-03-03 09:23:33,868 - root - INFO - archivo guardado correctamente, por favor revisar la ruta: C:\CE_FI_DA_1121_Archivos_de_Salida\Marzo\3-09am\Transacciones pendientes por contabilizar en el filtro_3-Marzo-2026_09am.xlsx
