2026-02-11 10:05:32,030 - root - INFO - Estado y variables cargados desde C:\RPA\CE_FI_DA_1121_GESTION_CONTABILIZACION_ACTIVOS_FIJOS\Data\json\checkpoint.json
2026-02-11 10:05:32,039 - root - ERROR - Error: El archivo de entrada 'C:\CE_FI_DA_1121_Archivos_de_Entrada\RelacionCuentas.Dependencias.xlsx' no se encuentra o no es accesible.
2026-02-11 10:05:32,039 - root - ERROR - No se cumplen los requisitos minimos
2026-02-11 10:05:36,822 - root - INFO - Estado y variables cargados desde C:\RPA\CE_FI_DA_1121_GESTION_CONTABILIZACION_ACTIVOS_FIJOS\Data\json\checkpoint.json
2026-02-11 10:05:36,822 - root - ERROR - Error: El archivo de entrada 'C:\CE_FI_DA_1121_Archivos_de_Entrada\RelacionCuentas.Dependencias.xlsx' no se encuentra o no es accesible.
2026-02-11 10:05:36,823 - root - ERROR - No se cumplen los requisitos minimos
2026-02-11 10:08:50,965 - root - INFO - Estado y variables cargados desde C:\RPA\CE_FI_DA_1121_GESTION_CONTABILIZACION_ACTIVOS_FIJOS\Data\json\checkpoint.json
2026-02-11 10:08:50,966 - root - INFO - El archivo de entrada 'C:\CE_FI_DA_1121_Archivos_de_Entrada\Relacion.Cuentas.Dependencias.xlsx' está disponible.
2026-02-11 10:08:51,374 - root - INFO - Conexión exitosa a Internet. Latencia: 407.91 ms.
2026-02-11 10:10:21,974 - root - INFO - Paso 1 completado: verificación de 2A.
2026-02-11 10:12:37,165 - root - WARNING - posible falla en espera de elementos para la descarga del archivo
2026-02-11 10:12:37,283 - root - WARNING - posible falla en espera de elementos para la descarga del archivo
2026-02-11 10:12:39,374 - root - ERROR - Error al procesar la tabla: Message: no such element: Unable to locate element: {"method":"xpath","selector":"//*[@id="jdeGridVirtualAbove0_1"]"}
  (Session info: chrome=144.0.7559.133); For documentation on this error, please visit: https://www.selenium.dev/documentation/webdriver/troubleshooting/errors#nosuchelementexception
Stacktrace:
Symbols not available. Dumping unresolved backtrace:
	0x7ff75e315715
	0x7ff75e315770
	0x7ff75e0c108d
	0x7ff75e11c3be
	0x7ff75e11c6cc
	0x7ff75e16d2f7
	0x7ff75e169e45
	0x7ff75e10cc28
	0x7ff75e10db33
	0x7ff75e5fe9f0
	0x7ff75e5f8ded
	0x7ff75e61969a
	0x7ff75e3311e5
	0x7ff75e3399cc
	0x7ff75e31ebf4
	0x7ff75e31eda6
	0x7ff75e304e87
	0x7ffabd01e8d7
	0x7ffabe46c53c

2026-02-11 10:12:46,531 - root - WARNING - posible falla en espera de elementos para la descarga del archivo
2026-02-11 10:12:49,567 - root - ERROR - Timeout: El elemento con identificador 'selectAll0_1' no es visible o clickeable en 10 segundos.
2026-02-11 10:12:49,593 - root - INFO - Descarga completada para #compańía 00598. Archivos encontrados.
2026-02-11 10:12:55,301 - root - INFO - Descarga completada para #compańía 00534. Archivos encontrados.
2026-02-11 10:12:59,752 - root - ERROR - Timeout: El elemento con identificador '//*[@id="GridHeader0_1"]/tbody/tr/td[2]/table/tbody/tr/td[3]/a' no es visible o clickeable en 10 segundos.
2026-02-11 10:13:09,938 - root - ERROR - Timeout: El elemento con identificador '//*[@id="WebMenuBar"]/tbody/tr/td[1]/table/tbody/tr[2]/td' no es visible o clickeable en 10 segundos.
2026-02-11 10:13:25,133 - root - ERROR - Timeout: El elemento con identificador 'C0_89' no es visible o clickeable en 10 segundos.
2026-02-11 10:13:25,133 - root - WARNING - No se encontraron archivos en la carpeta para #compańía 00533. Intentando de nuevo.
2026-02-11 10:13:25,133 - root - INFO - Reintentando descarga para #compańía 00533... (Intento 1/3)
2026-02-11 10:14:49,358 - root - WARNING - posible falla en espera de elementos para la descarga del archivo
2026-02-11 10:15:10,494 - root - INFO - Descarga completada para #compańía 00533. Archivos encontrados.
2026-02-11 10:15:13,149 - root - WARNING - Intentando reparar el archivo XML mal formado: C:\CE_FI_DA_1121_Archivos_de_Salida\Febrero\11-10am\00533\Book1.xls
2026-02-11 10:15:20,447 - root - INFO - archivo guardado correctamente en: C:\CE_FI_DA_1121_Archivos_de_Salida\Febrero\11-10am\Transacciones pendientes por contabilizar en el filtro_11-Febrero-2026_10am.xlsx
2026-02-11 10:15:22,415 - root - INFO - Se guardo el archivo correctamente
2026-02-11 10:15:26,367 - root - INFO - El archivo ha sido actualizado en la hoja con los cambios realizados en 'Responsable'.
2026-02-11 10:30:11,190 - root - INFO - archivo guardado correctamente, por favor revisar la ruta: C:\CE_FI_DA_1121_Archivos_de_Salida\Febrero\11-10am\Transacciones pendientes por contabilizar en el filtro_11-Febrero-2026_10am.xlsx
