2026-02-25 09:45:05,273 - root - INFO - Estado y variables cargados desde C:\RPA\CE_FI_DA_1121_GESTION_CONTABILIZACION_ACTIVOS_FIJOS\Data\json\checkpoint.json
2026-02-25 09:45:05,277 - root - INFO - El archivo de entrada 'C:\CE_FI_DA_1121_Archivos_de_Entrada\Relacion.Cuentas.Dependencias.xlsx' está disponible.
2026-02-25 09:45:05,807 - root - INFO - Conexión exitosa a Internet. Latencia: 530.6 ms.
2026-02-25 09:46:31,757 - root - INFO - Paso 1 completado: verificación de 2A.
2026-02-25 09:48:28,786 - root - INFO - Descarga completada para #compańía 00598. Archivos encontrados.
2026-02-25 09:48:29,975 - root - WARNING - posible falla en espera de elementos para la descarga del archivo
2026-02-25 09:48:30,720 - root - WARNING - posible falla en espera de elementos para la descarga del archivo
2026-02-25 09:48:32,080 - root - ERROR - No se encontró la palabra 'total' en el último tr.
2026-02-25 09:48:32,890 - root - ERROR - No se encontró la palabra 'total' en el último tr.
2026-02-25 09:48:42,814 - root - ERROR - Timeout: El elemento con identificador '//*[@id="WebMenuBar"]/tbody/tr/td[1]/table/tbody/tr[2]/td' no es visible o clickeable en 10 segundos.
2026-02-25 09:48:43,545 - root - ERROR - Timeout: El elemento con identificador '//*[@id="WebMenuBar"]/tbody/tr/td[1]/table/tbody/tr[2]/td' no es visible o clickeable en 10 segundos.
2026-02-25 09:48:48,007 - root - WARNING - No se encontraron archivos en la carpeta para #compańía 00533. Intentando de nuevo.
2026-02-25 09:48:48,007 - root - INFO - Reintentando descarga para #compańía 00533... (Intento 1/3)
2026-02-25 09:48:48,784 - root - WARNING - No se encontraron archivos en la carpeta para #compańía 00534. Intentando de nuevo.
2026-02-25 09:48:48,784 - root - INFO - Reintentando descarga para #compańía 00534... (Intento 1/3)
2026-02-25 09:49:23,454 - root - INFO - Descarga completada para #compańía 00534. Archivos encontrados.
2026-02-25 09:50:13,519 - root - WARNING - posible falla en espera de elementos para la descarga del archivo
2026-02-25 09:51:13,752 - root - ERROR - Error en tiempo de espera de descarga del archivo {numero_compania}
2026-02-25 09:51:13,753 - root - WARNING - No se encontraron archivos en la carpeta para #compańía 00533. Intentando de nuevo.
2026-02-25 09:51:13,753 - root - INFO - Reintentando descarga para #compańía 00533... (Intento 2/3)
2026-02-25 09:52:13,636 - root - INFO - Descarga completada para #compańía 00533. Archivos encontrados.
2026-02-25 09:52:16,216 - root - WARNING - Intentando reparar el archivo XML mal formado: C:\CE_FI_DA_1121_Archivos_de_Salida\Febrero\25-09am\00533\Book1.xls
2026-02-25 09:52:22,476 - root - INFO - archivo guardado correctamente en: C:\CE_FI_DA_1121_Archivos_de_Salida\Febrero\25-09am\Transacciones pendientes por contabilizar en el filtro_25-Febrero-2026_09am.xlsx
2026-02-25 09:52:24,058 - root - INFO - Se guardo el archivo correctamente
2026-02-25 09:52:27,303 - root - INFO - El archivo ha sido actualizado en la hoja con los cambios realizados en 'Responsable'.
2026-02-25 09:52:28,717 - root - ERROR - Error al ejecutar el paso 'unificar_excel': single positional indexer is out-of-bounds
2026-02-25 11:00:36,241 - root - INFO - Estado y variables cargados desde C:\RPA\CE_FI_DA_1121_GESTION_CONTABILIZACION_ACTIVOS_FIJOS\Data\json\checkpoint.json
2026-02-25 11:00:36,246 - root - INFO - El archivo de entrada 'C:\CE_FI_DA_1121_Archivos_de_Entrada\Relacion.Cuentas.Dependencias.xlsx' está disponible.
2026-02-25 11:00:36,760 - root - INFO - Conexión exitosa a Internet. Latencia: 513.47 ms.
2026-02-25 11:01:31,144 - root - WARNING - no se encontraron registros
2026-02-25 11:01:34,494 - root - INFO - Paso 1 completado: verificación de 2A.
2026-02-25 11:03:00,566 - root - INFO - Descarga completada para #compańía 00598. Archivos encontrados.
2026-02-25 11:03:02,387 - root - WARNING - posible falla en espera de elementos para la descarga del archivo
2026-02-25 11:03:04,479 - root - ERROR - No se encontró la palabra 'total' en el último tr.
2026-02-25 11:03:15,055 - root - ERROR - Timeout: El elemento con identificador '//*[@id="WebMenuBar"]/tbody/tr/td[1]/table/tbody/tr[2]/td' no es visible o clickeable en 10 segundos.
2026-02-25 11:03:20,217 - root - WARNING - No se encontraron archivos en la carpeta para #compańía 00533. Intentando de nuevo.
2026-02-25 11:03:20,217 - root - INFO - Reintentando descarga para #compańía 00533... (Intento 1/3)
2026-02-25 11:03:37,715 - root - INFO - Descarga completada para #compańía 00534. Archivos encontrados.
2026-02-25 11:04:17,452 - root - INFO - Descarga completada para #compańía 00533. Archivos encontrados.
2026-02-25 11:04:20,111 - root - WARNING - Intentando reparar el archivo XML mal formado: C:\CE_FI_DA_1121_Archivos_de_Salida\Febrero\25-11am\00533\Book1.xls
2026-02-25 11:04:23,520 - root - INFO - archivo guardado correctamente en: C:\CE_FI_DA_1121_Archivos_de_Salida\Febrero\25-11am\Transacciones pendientes por contabilizar en el filtro_25-Febrero-2026_11am.xlsx
2026-02-25 11:04:24,833 - root - INFO - Se guardo el archivo correctamente
2026-02-25 11:04:26,437 - root - INFO - El archivo ha sido actualizado en la hoja con los cambios realizados en 'Responsable'.
2026-02-25 11:05:01,537 - root - ERROR - Timeout: El elemento con identificador '//*[@id="C0_52"]' no es visible o clickeable en 10 segundos.
2026-02-25 11:05:11,586 - root - WARNING - pasar ventana
2026-02-25 11:05:15,209 - root - ERROR - Error al ingresar texto en el campo '//*[@id='qbeRow0_209']/td[@colindex='1']/div/nobr/input'
2026-02-25 11:15:07,280 - root - INFO - archivo guardado correctamente, por favor revisar la ruta: C:\CE_FI_DA_1121_Archivos_de_Salida\Febrero\25-11am\Transacciones pendientes por contabilizar en el filtro_25-Febrero-2026_11am.xlsx
