2026-06-09 14:59:19,775 - CE1121 - INFO - Estado y variables cargados desde /workspaces/Finansas/RPA/CE_FI_DA_1121_GESTION_CONTABILIZACION_ACTIVOS_FIJOS/Data/json/checkpoint.json
2026-06-09 14:59:19,779 - CE1121 - ERROR - ERROR real al iniciar chrome
Traceback (most recent call last):
  File "/usr/local/python/3.12.1/lib/python3.12/site-packages/selenium/webdriver/common/service.py", line 223, in _start_process
    self.process = subprocess.Popen(
                   ^^^^^^^^^^^^^^^^^
  File "/usr/local/python/3.12.1/lib/python3.12/subprocess.py", line 1026, in __init__
    self._execute_child(args, executable, preexec_fn, close_fds,
  File "/usr/local/python/3.12.1/lib/python3.12/subprocess.py", line 1950, in _execute_child
    raise child_exception_type(errno_num, err_msg, err_filename)
PermissionError: [Errno 13] Permission denied: '/workspaces/Finansas/RPA/chromedriver-win64/chromedriver.exe'

The above exception was the direct cause of the following exception:

Traceback (most recent call last):
  File "/workspaces/Finansas/RPA/CE_FI_DA_1121_GESTION_CONTABILIZACION_ACTIVOS_FIJOS/App/Functions/descarga_informes.py", line 64, in iniciar_driver
    driver = webdriver.Chrome(
             ^^^^^^^^^^^^^^^^^
  File "/usr/local/python/3.12.1/lib/python3.12/site-packages/selenium/webdriver/chrome/webdriver.py", line 45, in __init__
    super().__init__(
  File "/usr/local/python/3.12.1/lib/python3.12/site-packages/selenium/webdriver/chromium/webdriver.py", line 55, in __init__
    self.service.start()
  File "/usr/local/python/3.12.1/lib/python3.12/site-packages/selenium/webdriver/common/service.py", line 108, in start
    self._start_process(self._path)
  File "/usr/local/python/3.12.1/lib/python3.12/site-packages/selenium/webdriver/common/service.py", line 247, in _start_process
    raise WebDriverException(
selenium.common.exceptions.WebDriverException: Message: 'chromedriver.exe' executable may have wrong permissions.

2026-06-09 14:59:19,787 - CE1121 - ERROR - No se pudo iniciar el navegador para #compaĂ±Ă­a 00533.
2026-06-09 14:59:24,779 - CE1121 - ERROR - ERROR real al iniciar chrome
Traceback (most recent call last):
  File "/usr/local/python/3.12.1/lib/python3.12/site-packages/selenium/webdriver/common/service.py", line 223, in _start_process
    self.process = subprocess.Popen(
                   ^^^^^^^^^^^^^^^^^
  File "/usr/local/python/3.12.1/lib/python3.12/subprocess.py", line 1026, in __init__
    self._execute_child(args, executable, preexec_fn, close_fds,
  File "/usr/local/python/3.12.1/lib/python3.12/subprocess.py", line 1950, in _execute_child
    raise child_exception_type(errno_num, err_msg, err_filename)
PermissionError: [Errno 13] Permission denied: '/workspaces/Finansas/RPA/chromedriver-win64/chromedriver.exe'

The above exception was the direct cause of the following exception:

Traceback (most recent call last):
  File "/workspaces/Finansas/RPA/CE_FI_DA_1121_GESTION_CONTABILIZACION_ACTIVOS_FIJOS/App/Functions/descarga_informes.py", line 64, in iniciar_driver
    driver = webdriver.Chrome(
             ^^^^^^^^^^^^^^^^^
  File "/usr/local/python/3.12.1/lib/python3.12/site-packages/selenium/webdriver/chrome/webdriver.py", line 45, in __init__
    super().__init__(
  File "/usr/local/python/3.12.1/lib/python3.12/site-packages/selenium/webdriver/chromium/webdriver.py", line 55, in __init__
    self.service.start()
  File "/usr/local/python/3.12.1/lib/python3.12/site-packages/selenium/webdriver/common/service.py", line 108, in start
    self._start_process(self._path)
  File "/usr/local/python/3.12.1/lib/python3.12/site-packages/selenium/webdriver/common/service.py", line 247, in _start_process
    raise WebDriverException(
selenium.common.exceptions.WebDriverException: Message: 'chromedriver.exe' executable may have wrong permissions.

2026-06-09 14:59:24,781 - CE1121 - ERROR - No se pudo iniciar el navegador para #compaĂ±Ă­a 00534.
2026-06-09 14:59:29,787 - CE1121 - ERROR - Error en descarga del informe de #compania 00533: stat: path should be string, bytes, os.PathLike or integer, not NoneType
2026-06-09 14:59:29,787 - CE1121 - INFO - Reintentando para #compaĂ±Ă­a 00533... (Intento 2/3)
2026-06-09 14:59:34,781 - CE1121 - ERROR - Error en descarga del informe de #compania 00534: stat: path should be string, bytes, os.PathLike or integer, not NoneType
2026-06-09 14:59:34,781 - CE1121 - INFO - Reintentando para #compaĂ±Ă­a 00534... (Intento 2/3)
2026-06-09 14:59:39,787 - CE1121 - ERROR - Error en descarga del informe de #compania 00533: stat: path should be string, bytes, os.PathLike or integer, not NoneType
2026-06-09 14:59:39,788 - CE1121 - ERROR - Se alcanzĂł el mĂˇximo de intentos (3) para #compaĂ±Ă­a 00533. No se pudo completar la descarga.
2026-06-09 14:59:39,790 - CE1121 - ERROR - ERROR real al iniciar chrome
Traceback (most recent call last):
  File "/usr/local/python/3.12.1/lib/python3.12/site-packages/selenium/webdriver/common/service.py", line 223, in _start_process
    self.process = subprocess.Popen(
                   ^^^^^^^^^^^^^^^^^
  File "/usr/local/python/3.12.1/lib/python3.12/subprocess.py", line 1026, in __init__
    self._execute_child(args, executable, preexec_fn, close_fds,
  File "/usr/local/python/3.12.1/lib/python3.12/subprocess.py", line 1950, in _execute_child
    raise child_exception_type(errno_num, err_msg, err_filename)
PermissionError: [Errno 13] Permission denied: '/workspaces/Finansas/RPA/chromedriver-win64/chromedriver.exe'

The above exception was the direct cause of the following exception:

Traceback (most recent call last):
  File "/workspaces/Finansas/RPA/CE_FI_DA_1121_GESTION_CONTABILIZACION_ACTIVOS_FIJOS/App/Functions/descarga_informes.py", line 64, in iniciar_driver
    driver = webdriver.Chrome(
             ^^^^^^^^^^^^^^^^^
  File "/usr/local/python/3.12.1/lib/python3.12/site-packages/selenium/webdriver/chrome/webdriver.py", line 45, in __init__
    super().__init__(
  File "/usr/local/python/3.12.1/lib/python3.12/site-packages/selenium/webdriver/chromium/webdriver.py", line 55, in __init__
    self.service.start()
  File "/usr/local/python/3.12.1/lib/python3.12/site-packages/selenium/webdriver/common/service.py", line 108, in start
    self._start_process(self._path)
  File "/usr/local/python/3.12.1/lib/python3.12/site-packages/selenium/webdriver/common/service.py", line 247, in _start_process
    raise WebDriverException(
selenium.common.exceptions.WebDriverException: Message: 'chromedriver.exe' executable may have wrong permissions.

2026-06-09 14:59:39,791 - CE1121 - ERROR - No se pudo iniciar el navegador para #compaĂ±Ă­a 00598.
2026-06-09 14:59:44,781 - CE1121 - ERROR - Error en descarga del informe de #compania 00534: stat: path should be string, bytes, os.PathLike or integer, not NoneType
2026-06-09 14:59:44,782 - CE1121 - ERROR - Se alcanzĂł el mĂˇximo de intentos (3) para #compaĂ±Ă­a 00534. No se pudo completar la descarga.
2026-06-09 14:59:49,792 - CE1121 - ERROR - Error en descarga del informe de #compania 00598: stat: path should be string, bytes, os.PathLike or integer, not NoneType
2026-06-09 14:59:49,792 - CE1121 - INFO - Reintentando para #compaĂ±Ă­a 00598... (Intento 2/3)
2026-06-09 14:59:59,792 - CE1121 - ERROR - Error en descarga del informe de #compania 00598: stat: path should be string, bytes, os.PathLike or integer, not NoneType
2026-06-09 14:59:59,793 - CE1121 - ERROR - Se alcanzĂł el mĂˇximo de intentos (3) para #compaĂ±Ă­a 00598. No se pudo completar la descarga.
2026-06-09 14:59:59,794 - CE1121 - ERROR - Error: no se ha encontrado los informes, archivo final incompleto
2026-06-09 15:01:03,852 - CE1121 - INFO - Estado y variables cargados desde /workspaces/Finansas/RPA/CE_FI_DA_1121_GESTION_CONTABILIZACION_ACTIVOS_FIJOS/Data/json/checkpoint.json
2026-06-09 15:01:13,699 - CE1121 - ERROR - ERROR real al iniciar chrome
Traceback (most recent call last):
  File "/workspaces/Finansas/RPA/CE_FI_DA_1121_GESTION_CONTABILIZACION_ACTIVOS_FIJOS/App/Functions/descarga_informes.py", line 67, in iniciar_driver
    driver = webdriver.Chrome(
             ^^^^^^^^^^^^^^^^^
  File "/usr/local/python/3.12.1/lib/python3.12/site-packages/selenium/webdriver/chrome/webdriver.py", line 45, in __init__
    super().__init__(
  File "/usr/local/python/3.12.1/lib/python3.12/site-packages/selenium/webdriver/chromium/webdriver.py", line 66, in __init__
    super().__init__(command_executor=executor, options=self.options)
  File "/usr/local/python/3.12.1/lib/python3.12/site-packages/selenium/webdriver/common/webdriver.py", line 25, in __init__
    super().__init__(*args, **kwargs)
  File "/usr/local/python/3.12.1/lib/python3.12/site-packages/selenium/webdriver/remote/webdriver.py", line 276, in __init__
    self.start_session(capabilities)
  File "/usr/local/python/3.12.1/lib/python3.12/site-packages/selenium/webdriver/remote/webdriver.py", line 372, in start_session
    response = self.execute(Command.NEW_SESSION, caps)["value"]
               ^^^^^^^^^^^^^^^^^^^^^^^^^^^^^^^^^^^^^^^
  File "/usr/local/python/3.12.1/lib/python3.12/site-packages/selenium/webdriver/remote/webdriver.py", line 468, in execute
    self.error_handler.check_response(response)
  File "/usr/local/python/3.12.1/lib/python3.12/site-packages/selenium/webdriver/remote/errorhandler.py", line 232, in check_response
    raise exception_class(message, screen, stacktrace)
selenium.common.exceptions.SessionNotCreatedException: Message: session not created: Chrome instance exited. Examine ChromeDriver verbose log to determine the cause.; For documentation on this error, please visit: https://www.selenium.dev/documentation/webdriver/troubleshooting/errors#sessionnotcreatedexception
Stacktrace:
#0 0x570c893827ca <unknown>
#1 0x570c88d65289 <unknown>
#2 0x570c88da335c <unknown>
#3 0x570c88d9e549 <unknown>
#4 0x570c88dede76 <unknown>
#5 0x570c88ded55c <unknown>
#6 0x570c88dacf7f <unknown>
#7 0x570c88dadd61 <unknown>
#8 0x570c893490b7 <unknown>
#9 0x570c8934787d <unknown>
#10 0x570c89332566 <unknown>
#11 0x570c8934845a <unknown>
#12 0x570c8931a520 <unknown>
#13 0x570c8936f248 <unknown>
#14 0x570c8936f3e5 <unknown>
#15 0x570c8938134e <unknown>
#16 0x7812ebb59aa4 <unknown>
#17 0x7812ebbe6c6c <unknown>

2026-06-09 15:01:14,154 - CE1121 - ERROR - No se pudo iniciar el navegador para #compaĂ±Ă­a 00533.
2026-06-09 15:01:18,032 - CE1121 - ERROR - ERROR real al iniciar chrome
Traceback (most recent call last):
  File "/workspaces/Finansas/RPA/CE_FI_DA_1121_GESTION_CONTABILIZACION_ACTIVOS_FIJOS/App/Functions/descarga_informes.py", line 67, in iniciar_driver
    driver = webdriver.Chrome(
             ^^^^^^^^^^^^^^^^^
  File "/usr/local/python/3.12.1/lib/python3.12/site-packages/selenium/webdriver/chrome/webdriver.py", line 45, in __init__
    super().__init__(
  File "/usr/local/python/3.12.1/lib/python3.12/site-packages/selenium/webdriver/chromium/webdriver.py", line 66, in __init__
    super().__init__(command_executor=executor, options=self.options)
  File "/usr/local/python/3.12.1/lib/python3.12/site-packages/selenium/webdriver/common/webdriver.py", line 25, in __init__
    super().__init__(*args, **kwargs)
  File "/usr/local/python/3.12.1/lib/python3.12/site-packages/selenium/webdriver/remote/webdriver.py", line 276, in __init__
    self.start_session(capabilities)
  File "/usr/local/python/3.12.1/lib/python3.12/site-packages/selenium/webdriver/remote/webdriver.py", line 372, in start_session
    response = self.execute(Command.NEW_SESSION, caps)["value"]
               ^^^^^^^^^^^^^^^^^^^^^^^^^^^^^^^^^^^^^^^
  File "/usr/local/python/3.12.1/lib/python3.12/site-packages/selenium/webdriver/remote/webdriver.py", line 468, in execute
    self.error_handler.check_response(response)
  File "/usr/local/python/3.12.1/lib/python3.12/site-packages/selenium/webdriver/remote/errorhandler.py", line 232, in check_response
    raise exception_class(message, screen, stacktrace)
selenium.common.exceptions.SessionNotCreatedException: Message: session not created: Chrome instance exited. Examine ChromeDriver verbose log to determine the cause.; For documentation on this error, please visit: https://www.selenium.dev/documentation/webdriver/troubleshooting/errors#sessionnotcreatedexception
Stacktrace:
#0 0x620daa43f7ca <unknown>
#1 0x620da9e22289 <unknown>
#2 0x620da9e6035c <unknown>
#3 0x620da9e5b549 <unknown>
#4 0x620da9eaae76 <unknown>
#5 0x620da9eaa55c <unknown>
#6 0x620da9e69f7f <unknown>
#7 0x620da9e6ad61 <unknown>
#8 0x620daa4060b7 <unknown>
#9 0x620daa40487d <unknown>
#10 0x620daa3ef566 <unknown>
#11 0x620daa40545a <unknown>
#12 0x620daa3d7520 <unknown>
#13 0x620daa42c248 <unknown>
#14 0x620daa42c3e5 <unknown>
#15 0x620daa43e34e <unknown>
#16 0x7210afd83aa4 <unknown>
#17 0x7210afe10c6c <unknown>

2026-06-09 15:01:18,033 - CE1121 - ERROR - No se pudo iniciar el navegador para #compaĂ±Ă­a 00534.
2026-06-09 15:01:24,156 - CE1121 - ERROR - Error en descarga del informe de #compania 00533: stat: path should be string, bytes, os.PathLike or integer, not NoneType
2026-06-09 15:01:24,156 - CE1121 - INFO - Reintentando para #compaĂ±Ă­a 00533... (Intento 2/3)
2026-06-09 15:01:28,034 - CE1121 - ERROR - Error en descarga del informe de #compania 00534: stat: path should be string, bytes, os.PathLike or integer, not NoneType
2026-06-09 15:01:28,034 - CE1121 - INFO - Reintentando para #compaĂ±Ă­a 00534... (Intento 2/3)
2026-06-09 15:01:34,156 - CE1121 - ERROR - Error en descarga del informe de #compania 00533: stat: path should be string, bytes, os.PathLike or integer, not NoneType
2026-06-09 15:01:34,156 - CE1121 - ERROR - Se alcanzĂł el mĂˇximo de intentos (3) para #compaĂ±Ă­a 00533. No se pudo completar la descarga.
2026-06-09 15:01:34,426 - CE1121 - ERROR - ERROR real al iniciar chrome
Traceback (most recent call last):
  File "/workspaces/Finansas/RPA/CE_FI_DA_1121_GESTION_CONTABILIZACION_ACTIVOS_FIJOS/App/Functions/descarga_informes.py", line 67, in iniciar_driver
    driver = webdriver.Chrome(
             ^^^^^^^^^^^^^^^^^
  File "/usr/local/python/3.12.1/lib/python3.12/site-packages/selenium/webdriver/chrome/webdriver.py", line 45, in __init__
    super().__init__(
  File "/usr/local/python/3.12.1/lib/python3.12/site-packages/selenium/webdriver/chromium/webdriver.py", line 66, in __init__
    super().__init__(command_executor=executor, options=self.options)
  File "/usr/local/python/3.12.1/lib/python3.12/site-packages/selenium/webdriver/common/webdriver.py", line 25, in __init__
    super().__init__(*args, **kwargs)
  File "/usr/local/python/3.12.1/lib/python3.12/site-packages/selenium/webdriver/remote/webdriver.py", line 276, in __init__
    self.start_session(capabilities)
  File "/usr/local/python/3.12.1/lib/python3.12/site-packages/selenium/webdriver/remote/webdriver.py", line 372, in start_session
    response = self.execute(Command.NEW_SESSION, caps)["value"]
               ^^^^^^^^^^^^^^^^^^^^^^^^^^^^^^^^^^^^^^^
  File "/usr/local/python/3.12.1/lib/python3.12/site-packages/selenium/webdriver/remote/webdriver.py", line 468, in execute
    self.error_handler.check_response(response)
  File "/usr/local/python/3.12.1/lib/python3.12/site-packages/selenium/webdriver/remote/errorhandler.py", line 232, in check_response
    raise exception_class(message, screen, stacktrace)
selenium.common.exceptions.SessionNotCreatedException: Message: session not created: Chrome instance exited. Examine ChromeDriver verbose log to determine the cause.; For documentation on this error, please visit: https://www.selenium.dev/documentation/webdriver/troubleshooting/errors#sessionnotcreatedexception
Stacktrace:
#0 0x5c89a449d7ca <unknown>
#1 0x5c89a3e80289 <unknown>
#2 0x5c89a3ebe35c <unknown>
#3 0x5c89a3eb9549 <unknown>
#4 0x5c89a3f08e76 <unknown>
#5 0x5c89a3f0855c <unknown>
#6 0x5c89a3ec7f7f <unknown>
#7 0x5c89a3ec8d61 <unknown>
#8 0x5c89a44640b7 <unknown>
#9 0x5c89a446287d <unknown>
#10 0x5c89a444d566 <unknown>
#11 0x5c89a446345a <unknown>
#12 0x5c89a4435520 <unknown>
#13 0x5c89a448a248 <unknown>
#14 0x5c89a448a3e5 <unknown>
#15 0x5c89a449c34e <unknown>
#16 0x7c79e9589aa4 <unknown>
#17 0x7c79e9616c6c <unknown>

2026-06-09 15:01:34,427 - CE1121 - ERROR - No se pudo iniciar el navegador para #compaĂ±Ă­a 00598.
2026-06-09 15:01:38,034 - CE1121 - ERROR - Error en descarga del informe de #compania 00534: stat: path should be string, bytes, os.PathLike or integer, not NoneType
2026-06-09 15:01:38,034 - CE1121 - ERROR - Se alcanzĂł el mĂˇximo de intentos (3) para #compaĂ±Ă­a 00534. No se pudo completar la descarga.
2026-06-09 15:01:44,428 - CE1121 - ERROR - Error en descarga del informe de #compania 00598: stat: path should be string, bytes, os.PathLike or integer, not NoneType
2026-06-09 15:01:44,428 - CE1121 - INFO - Reintentando para #compaĂ±Ă­a 00598... (Intento 2/3)
2026-06-09 15:01:54,428 - CE1121 - ERROR - Error en descarga del informe de #compania 00598: stat: path should be string, bytes, os.PathLike or integer, not NoneType
2026-06-09 15:01:54,428 - CE1121 - ERROR - Se alcanzĂł el mĂˇximo de intentos (3) para #compaĂ±Ă­a 00598. No se pudo completar la descarga.
2026-06-09 15:01:54,429 - CE1121 - ERROR - Error: no se ha encontrado los informes, archivo final incompleto
2026-06-09 10:13:06,304 - CE1121 - INFO - Estado y variables cargados desde C:\RPA_finanzas\CE_FI_DA_1121_GESTION_CONTABILIZACION_ACTIVOS_FIJOS\Data\json\checkpoint.json
2026-06-09 10:13:19,607 - CE1121 - ERROR - ERROR real al iniciar chrome
Traceback (most recent call last):
  File "C:\RPA_finanzas\CE_FI_DA_1121_GESTION_CONTABILIZACION_ACTIVOS_FIJOS\App\Functions\descarga_informes.py", line 67, in iniciar_driver
    driver = webdriver.Chrome(
        service=service,
        options=options,
        keep_alive=True
    )
  File "C:\Users\Cmorenal\AppData\Local\Programs\Python\Python313\Lib\site-packages\selenium\webdriver\chrome\webdriver.py", line 45, in __init__
    super().__init__(
    ~~~~~~~~~~~~~~~~^
        browser_name=DesiredCapabilities.CHROME["browserName"],
        ^^^^^^^^^^^^^^^^^^^^^^^^^^^^^^^^^^^^^^^^^^^^^^^^^^^^^^^
    ...<3 lines>...
        keep_alive=keep_alive,
        ^^^^^^^^^^^^^^^^^^^^^^
    )
    ^
  File "C:\Users\Cmorenal\AppData\Local\Programs\Python\Python313\Lib\site-packages\selenium\webdriver\chromium\webdriver.py", line 66, in __init__
    super().__init__(command_executor=executor, options=self.options)
    ~~~~~~~~~~~~~~~~^^^^^^^^^^^^^^^^^^^^^^^^^^^^^^^^^^^^^^^^^^^^^^^^^
  File "C:\Users\Cmorenal\AppData\Local\Programs\Python\Python313\Lib\site-packages\selenium\webdriver\common\webdriver.py", line 25, in __init__
    super().__init__(*args, **kwargs)
    ~~~~~~~~~~~~~~~~^^^^^^^^^^^^^^^^^
  File "C:\Users\Cmorenal\AppData\Local\Programs\Python\Python313\Lib\site-packages\selenium\webdriver\remote\webdriver.py", line 257, in __init__
    self.start_session(capabilities)
    ~~~~~~~~~~~~~~~~~~^^^^^^^^^^^^^^
  File "C:\Users\Cmorenal\AppData\Local\Programs\Python\Python313\Lib\site-packages\selenium\webdriver\remote\webdriver.py", line 352, in start_session
    response = self.execute(Command.NEW_SESSION, caps)["value"]
               ~~~~~~~~~~~~^^^^^^^^^^^^^^^^^^^^^^^^^^^
  File "C:\Users\Cmorenal\AppData\Local\Programs\Python\Python313\Lib\site-packages\selenium\webdriver\remote\webdriver.py", line 432, in execute
    self.error_handler.check_response(response)
    ~~~~~~~~~~~~~~~~~~~~~~~~~~~~~~~~~^^^^^^^^^^
  File "C:\Users\Cmorenal\AppData\Local\Programs\Python\Python313\Lib\site-packages\selenium\webdriver\remote\errorhandler.py", line 232, in check_response
    raise exception_class(message, screen, stacktrace)
selenium.common.exceptions.SessionNotCreatedException: Message: session not created: This version of ChromeDriver only supports Chrome version 146
Current browser version is 149.0.7827.54 with binary path C:\Program Files\Google\Chrome\Application\chrome.exe; For documentation on this error, please visit: https://www.selenium.dev/documentation/webdriver/troubleshooting/errors#sessionnotcreatedexception
Stacktrace:
	chromedriver!GetHandleVerifier [0x7ff6959029c5+2ed785]
	chromedriver!GetHandleVerifier [0x7ff69562a0d0+14e90]
	chromedriver!(No symbol) [0x7ff69538db2d]
	chromedriver!(No symbol) [0x7ff6953d5c3d]
	chromedriver!(No symbol) [0x7ff6953d4995]
	chromedriver!(No symbol) [0x7ff6953ceea7]
	chromedriver!(No symbol) [0x7ff6953c97a1]
	chromedriver!(No symbol) [0x7ff69541dc51]
	chromedriver!(No symbol) [0x7ff69541d4b6]
	chromedriver!(No symbol) [0x7ff6953d9298]
	chromedriver!(No symbol) [0x7ff6953da183]
	chromedriver!GetHandleVerifier [0x7ff69592de0d+318bcd]
	chromedriver!GetHandleVerifier [0x7ff695928588+313348]
	chromedriver!GetHandleVerifier [0x7ff695949d7a+334b3a]
	chromedriver!GetHandleVerifier [0x7ff695646785+31545]
	chromedriver!GetHandleVerifier [0x7ff69564facc+3a88c]
	chromedriver!GetHandleVerifier [0x7ff695633634+1e3f4]
	chromedriver!GetHandleVerifier [0x7ff6956337e6+1e5a6]
	chromedriver!GetHandleVerifier [0x7ff695617e37+2bf7]
	KERNEL32!BaseThreadInitThunk [0x7fff912ce8d7+17]
	ntdll!RtlUserThreadStart [0x7fff9255bf6c+2c]

2026-06-09 10:13:19,692 - CE1121 - ERROR - No se pudo iniciar el navegador para #compańía 00533.
2026-06-09 10:13:19,918 - CE1121 - ERROR - ERROR real al iniciar chrome
Traceback (most recent call last):
  File "C:\RPA_finanzas\CE_FI_DA_1121_GESTION_CONTABILIZACION_ACTIVOS_FIJOS\App\Functions\descarga_informes.py", line 67, in iniciar_driver
    driver = webdriver.Chrome(
        service=service,
        options=options,
        keep_alive=True
    )
  File "C:\Users\Cmorenal\AppData\Local\Programs\Python\Python313\Lib\site-packages\selenium\webdriver\chrome\webdriver.py", line 45, in __init__
    super().__init__(
    ~~~~~~~~~~~~~~~~^
        browser_name=DesiredCapabilities.CHROME["browserName"],
        ^^^^^^^^^^^^^^^^^^^^^^^^^^^^^^^^^^^^^^^^^^^^^^^^^^^^^^^
    ...<3 lines>...
        keep_alive=keep_alive,
        ^^^^^^^^^^^^^^^^^^^^^^
    )
    ^
  File "C:\Users\Cmorenal\AppData\Local\Programs\Python\Python313\Lib\site-packages\selenium\webdriver\chromium\webdriver.py", line 66, in __init__
    super().__init__(command_executor=executor, options=self.options)
    ~~~~~~~~~~~~~~~~^^^^^^^^^^^^^^^^^^^^^^^^^^^^^^^^^^^^^^^^^^^^^^^^^
  File "C:\Users\Cmorenal\AppData\Local\Programs\Python\Python313\Lib\site-packages\selenium\webdriver\common\webdriver.py", line 25, in __init__
    super().__init__(*args, **kwargs)
    ~~~~~~~~~~~~~~~~^^^^^^^^^^^^^^^^^
  File "C:\Users\Cmorenal\AppData\Local\Programs\Python\Python313\Lib\site-packages\selenium\webdriver\remote\webdriver.py", line 257, in __init__
    self.start_session(capabilities)
    ~~~~~~~~~~~~~~~~~~^^^^^^^^^^^^^^
  File "C:\Users\Cmorenal\AppData\Local\Programs\Python\Python313\Lib\site-packages\selenium\webdriver\remote\webdriver.py", line 352, in start_session
    response = self.execute(Command.NEW_SESSION, caps)["value"]
               ~~~~~~~~~~~~^^^^^^^^^^^^^^^^^^^^^^^^^^^
  File "C:\Users\Cmorenal\AppData\Local\Programs\Python\Python313\Lib\site-packages\selenium\webdriver\remote\webdriver.py", line 432, in execute
    self.error_handler.check_response(response)
    ~~~~~~~~~~~~~~~~~~~~~~~~~~~~~~~~~^^^^^^^^^^
  File "C:\Users\Cmorenal\AppData\Local\Programs\Python\Python313\Lib\site-packages\selenium\webdriver\remote\errorhandler.py", line 232, in check_response
    raise exception_class(message, screen, stacktrace)
selenium.common.exceptions.SessionNotCreatedException: Message: session not created: This version of ChromeDriver only supports Chrome version 146
Current browser version is 149.0.7827.54 with binary path C:\Program Files\Google\Chrome\Application\chrome.exe; For documentation on this error, please visit: https://www.selenium.dev/documentation/webdriver/troubleshooting/errors#sessionnotcreatedexception
Stacktrace:
	chromedriver!GetHandleVerifier [0x7ff6959029c5+2ed785]
	chromedriver!GetHandleVerifier [0x7ff69562a0d0+14e90]
	chromedriver!(No symbol) [0x7ff69538db2d]
	chromedriver!(No symbol) [0x7ff6953d5c3d]
	chromedriver!(No symbol) [0x7ff6953d4995]
	chromedriver!(No symbol) [0x7ff6953ceea7]
	chromedriver!(No symbol) [0x7ff6953c97a1]
	chromedriver!(No symbol) [0x7ff69541dc51]
	chromedriver!(No symbol) [0x7ff69541d4b6]
	chromedriver!(No symbol) [0x7ff6953d9298]
	chromedriver!(No symbol) [0x7ff6953da183]
	chromedriver!GetHandleVerifier [0x7ff69592de0d+318bcd]
	chromedriver!GetHandleVerifier [0x7ff695928588+313348]
	chromedriver!GetHandleVerifier [0x7ff695949d7a+334b3a]
	chromedriver!GetHandleVerifier [0x7ff695646785+31545]
	chromedriver!GetHandleVerifier [0x7ff69564facc+3a88c]
	chromedriver!GetHandleVerifier [0x7ff695633634+1e3f4]
	chromedriver!GetHandleVerifier [0x7ff6956337e6+1e5a6]
	chromedriver!GetHandleVerifier [0x7ff695617e37+2bf7]
	KERNEL32!BaseThreadInitThunk [0x7fff912ce8d7+17]
	ntdll!RtlUserThreadStart [0x7fff9255bf6c+2c]

2026-06-09 10:13:19,922 - CE1121 - ERROR - No se pudo iniciar el navegador para #compańía 00534.
2026-06-09 10:13:29,693 - CE1121 - ERROR - Error en descarga del informe de #compania 00533: _path_exists: path should be string, bytes, os.PathLike or integer, not NoneType
2026-06-09 10:13:29,693 - CE1121 - INFO - Reintentando para #compańía 00533... (Intento 2/3)
2026-06-09 10:13:29,922 - CE1121 - ERROR - Error en descarga del informe de #compania 00534: _path_exists: path should be string, bytes, os.PathLike or integer, not NoneType
2026-06-09 10:13:29,922 - CE1121 - INFO - Reintentando para #compańía 00534... (Intento 2/3)
2026-06-09 10:13:39,694 - CE1121 - ERROR - Error en descarga del informe de #compania 00533: _path_exists: path should be string, bytes, os.PathLike or integer, not NoneType
2026-06-09 10:13:39,694 - CE1121 - ERROR - Se alcanzó el máximo de intentos (3) para #compańía 00533. No se pudo completar la descarga.
2026-06-09 10:13:39,923 - CE1121 - ERROR - Error en descarga del informe de #compania 00534: _path_exists: path should be string, bytes, os.PathLike or integer, not NoneType
2026-06-09 10:13:39,923 - CE1121 - ERROR - Se alcanzó el máximo de intentos (3) para #compańía 00534. No se pudo completar la descarga.
2026-06-09 10:13:44,968 - CE1121 - ERROR - ERROR real al iniciar chrome
Traceback (most recent call last):
  File "C:\RPA_finanzas\CE_FI_DA_1121_GESTION_CONTABILIZACION_ACTIVOS_FIJOS\App\Functions\descarga_informes.py", line 67, in iniciar_driver
    driver = webdriver.Chrome(
        service=service,
        options=options,
        keep_alive=True
    )
  File "C:\Users\Cmorenal\AppData\Local\Programs\Python\Python313\Lib\site-packages\selenium\webdriver\chrome\webdriver.py", line 45, in __init__
    super().__init__(
    ~~~~~~~~~~~~~~~~^
        browser_name=DesiredCapabilities.CHROME["browserName"],
        ^^^^^^^^^^^^^^^^^^^^^^^^^^^^^^^^^^^^^^^^^^^^^^^^^^^^^^^
    ...<3 lines>...
        keep_alive=keep_alive,
        ^^^^^^^^^^^^^^^^^^^^^^
    )
    ^
  File "C:\Users\Cmorenal\AppData\Local\Programs\Python\Python313\Lib\site-packages\selenium\webdriver\chromium\webdriver.py", line 66, in __init__
    super().__init__(command_executor=executor, options=self.options)
    ~~~~~~~~~~~~~~~~^^^^^^^^^^^^^^^^^^^^^^^^^^^^^^^^^^^^^^^^^^^^^^^^^
  File "C:\Users\Cmorenal\AppData\Local\Programs\Python\Python313\Lib\site-packages\selenium\webdriver\common\webdriver.py", line 25, in __init__
    super().__init__(*args, **kwargs)
    ~~~~~~~~~~~~~~~~^^^^^^^^^^^^^^^^^
  File "C:\Users\Cmorenal\AppData\Local\Programs\Python\Python313\Lib\site-packages\selenium\webdriver\remote\webdriver.py", line 257, in __init__
    self.start_session(capabilities)
    ~~~~~~~~~~~~~~~~~~^^^^^^^^^^^^^^
  File "C:\Users\Cmorenal\AppData\Local\Programs\Python\Python313\Lib\site-packages\selenium\webdriver\remote\webdriver.py", line 352, in start_session
    response = self.execute(Command.NEW_SESSION, caps)["value"]
               ~~~~~~~~~~~~^^^^^^^^^^^^^^^^^^^^^^^^^^^
  File "C:\Users\Cmorenal\AppData\Local\Programs\Python\Python313\Lib\site-packages\selenium\webdriver\remote\webdriver.py", line 432, in execute
    self.error_handler.check_response(response)
    ~~~~~~~~~~~~~~~~~~~~~~~~~~~~~~~~~^^^^^^^^^^
  File "C:\Users\Cmorenal\AppData\Local\Programs\Python\Python313\Lib\site-packages\selenium\webdriver\remote\errorhandler.py", line 232, in check_response
    raise exception_class(message, screen, stacktrace)
selenium.common.exceptions.SessionNotCreatedException: Message: session not created: This version of ChromeDriver only supports Chrome version 146
Current browser version is 149.0.7827.54 with binary path C:\Program Files\Google\Chrome\Application\chrome.exe; For documentation on this error, please visit: https://www.selenium.dev/documentation/webdriver/troubleshooting/errors#sessionnotcreatedexception
Stacktrace:
	chromedriver!GetHandleVerifier [0x7ff6959029c5+2ed785]
	chromedriver!GetHandleVerifier [0x7ff69562a0d0+14e90]
	chromedriver!(No symbol) [0x7ff69538db2d]
	chromedriver!(No symbol) [0x7ff6953d5c3d]
	chromedriver!(No symbol) [0x7ff6953d4995]
	chromedriver!(No symbol) [0x7ff6953ceea7]
	chromedriver!(No symbol) [0x7ff6953c97a1]
	chromedriver!(No symbol) [0x7ff69541dc51]
	chromedriver!(No symbol) [0x7ff69541d4b6]
	chromedriver!(No symbol) [0x7ff6953d9298]
	chromedriver!(No symbol) [0x7ff6953da183]
	chromedriver!GetHandleVerifier [0x7ff69592de0d+318bcd]
	chromedriver!GetHandleVerifier [0x7ff695928588+313348]
	chromedriver!GetHandleVerifier [0x7ff695949d7a+334b3a]
	chromedriver!GetHandleVerifier [0x7ff695646785+31545]
	chromedriver!GetHandleVerifier [0x7ff69564facc+3a88c]
	chromedriver!GetHandleVerifier [0x7ff695633634+1e3f4]
	chromedriver!GetHandleVerifier [0x7ff6956337e6+1e5a6]
	chromedriver!GetHandleVerifier [0x7ff695617e37+2bf7]
	KERNEL32!BaseThreadInitThunk [0x7fff912ce8d7+17]
	ntdll!RtlUserThreadStart [0x7fff9255bf6c+2c]

2026-06-09 10:13:44,972 - CE1121 - ERROR - No se pudo iniciar el navegador para #compańía 00598.
2026-06-09 10:13:54,972 - CE1121 - ERROR - Error en descarga del informe de #compania 00598: _path_exists: path should be string, bytes, os.PathLike or integer, not NoneType
2026-06-09 10:13:54,972 - CE1121 - INFO - Reintentando para #compańía 00598... (Intento 2/3)
2026-06-09 10:21:34,809 - CE1121 - INFO - Estado y variables cargados desde C:\RPA_finanzas\CE_FI_DA_1121_GESTION_CONTABILIZACION_ACTIVOS_FIJOS\Data\json\checkpoint.json
2026-06-09 10:21:40,486 - CE1121 - ERROR - ERROR real al iniciar chrome
Traceback (most recent call last):
  File "C:\RPA_finanzas\CE_FI_DA_1121_GESTION_CONTABILIZACION_ACTIVOS_FIJOS\App\Functions\descarga_informes.py", line 67, in iniciar_driver
    driver = webdriver.Chrome(
        service=service,
        options=options,
        keep_alive=True
    )
  File "C:\Users\Cmorenal\AppData\Local\Programs\Python\Python313\Lib\site-packages\selenium\webdriver\chrome\webdriver.py", line 45, in __init__
    super().__init__(
    ~~~~~~~~~~~~~~~~^
        browser_name=DesiredCapabilities.CHROME["browserName"],
        ^^^^^^^^^^^^^^^^^^^^^^^^^^^^^^^^^^^^^^^^^^^^^^^^^^^^^^^
    ...<3 lines>...
        keep_alive=keep_alive,
        ^^^^^^^^^^^^^^^^^^^^^^
    )
    ^
  File "C:\Users\Cmorenal\AppData\Local\Programs\Python\Python313\Lib\site-packages\selenium\webdriver\chromium\webdriver.py", line 66, in __init__
    super().__init__(command_executor=executor, options=self.options)
    ~~~~~~~~~~~~~~~~^^^^^^^^^^^^^^^^^^^^^^^^^^^^^^^^^^^^^^^^^^^^^^^^^
  File "C:\Users\Cmorenal\AppData\Local\Programs\Python\Python313\Lib\site-packages\selenium\webdriver\common\webdriver.py", line 25, in __init__
    super().__init__(*args, **kwargs)
    ~~~~~~~~~~~~~~~~^^^^^^^^^^^^^^^^^
  File "C:\Users\Cmorenal\AppData\Local\Programs\Python\Python313\Lib\site-packages\selenium\webdriver\remote\webdriver.py", line 257, in __init__
    self.start_session(capabilities)
    ~~~~~~~~~~~~~~~~~~^^^^^^^^^^^^^^
  File "C:\Users\Cmorenal\AppData\Local\Programs\Python\Python313\Lib\site-packages\selenium\webdriver\remote\webdriver.py", line 352, in start_session
    response = self.execute(Command.NEW_SESSION, caps)["value"]
               ~~~~~~~~~~~~^^^^^^^^^^^^^^^^^^^^^^^^^^^
  File "C:\Users\Cmorenal\AppData\Local\Programs\Python\Python313\Lib\site-packages\selenium\webdriver\remote\webdriver.py", line 432, in execute
    self.error_handler.check_response(response)
    ~~~~~~~~~~~~~~~~~~~~~~~~~~~~~~~~~^^^^^^^^^^
  File "C:\Users\Cmorenal\AppData\Local\Programs\Python\Python313\Lib\site-packages\selenium\webdriver\remote\errorhandler.py", line 232, in check_response
    raise exception_class(message, screen, stacktrace)
selenium.common.exceptions.SessionNotCreatedException: Message: session not created: This version of ChromeDriver only supports Chrome version 146
Current browser version is 149.0.7827.54 with binary path C:\Program Files\Google\Chrome\Application\chrome.exe; For documentation on this error, please visit: https://www.selenium.dev/documentation/webdriver/troubleshooting/errors#sessionnotcreatedexception
Stacktrace:
	chromedriver!GetHandleVerifier [0x7ff6959029c5+2ed785]
	chromedriver!GetHandleVerifier [0x7ff69562a0d0+14e90]
	chromedriver!(No symbol) [0x7ff69538db2d]
	chromedriver!(No symbol) [0x7ff6953d5c3d]
	chromedriver!(No symbol) [0x7ff6953d4995]
	chromedriver!(No symbol) [0x7ff6953ceea7]
	chromedriver!(No symbol) [0x7ff6953c97a1]
	chromedriver!(No symbol) [0x7ff69541dc51]
	chromedriver!(No symbol) [0x7ff69541d4b6]
	chromedriver!(No symbol) [0x7ff6953d9298]
	chromedriver!(No symbol) [0x7ff6953da183]
	chromedriver!GetHandleVerifier [0x7ff69592de0d+318bcd]
	chromedriver!GetHandleVerifier [0x7ff695928588+313348]
	chromedriver!GetHandleVerifier [0x7ff695949d7a+334b3a]
	chromedriver!GetHandleVerifier [0x7ff695646785+31545]
	chromedriver!GetHandleVerifier [0x7ff69564facc+3a88c]
	chromedriver!GetHandleVerifier [0x7ff695633634+1e3f4]
	chromedriver!GetHandleVerifier [0x7ff6956337e6+1e5a6]
	chromedriver!GetHandleVerifier [0x7ff695617e37+2bf7]
	KERNEL32!BaseThreadInitThunk [0x7fff912ce8d7+17]
	ntdll!RtlUserThreadStart [0x7fff9255bf6c+2c]

2026-06-09 10:21:40,525 - CE1121 - ERROR - No se pudo iniciar el navegador para #compańía 00533.
2026-06-09 10:21:45,187 - CE1121 - ERROR - ERROR real al iniciar chrome
Traceback (most recent call last):
  File "C:\RPA_finanzas\CE_FI_DA_1121_GESTION_CONTABILIZACION_ACTIVOS_FIJOS\App\Functions\descarga_informes.py", line 67, in iniciar_driver
    driver = webdriver.Chrome(
        service=service,
        options=options,
        keep_alive=True
    )
  File "C:\Users\Cmorenal\AppData\Local\Programs\Python\Python313\Lib\site-packages\selenium\webdriver\chrome\webdriver.py", line 45, in __init__
    super().__init__(
    ~~~~~~~~~~~~~~~~^
        browser_name=DesiredCapabilities.CHROME["browserName"],
        ^^^^^^^^^^^^^^^^^^^^^^^^^^^^^^^^^^^^^^^^^^^^^^^^^^^^^^^
    ...<3 lines>...
        keep_alive=keep_alive,
        ^^^^^^^^^^^^^^^^^^^^^^
    )
    ^
  File "C:\Users\Cmorenal\AppData\Local\Programs\Python\Python313\Lib\site-packages\selenium\webdriver\chromium\webdriver.py", line 66, in __init__
    super().__init__(command_executor=executor, options=self.options)
    ~~~~~~~~~~~~~~~~^^^^^^^^^^^^^^^^^^^^^^^^^^^^^^^^^^^^^^^^^^^^^^^^^
  File "C:\Users\Cmorenal\AppData\Local\Programs\Python\Python313\Lib\site-packages\selenium\webdriver\common\webdriver.py", line 25, in __init__
    super().__init__(*args, **kwargs)
    ~~~~~~~~~~~~~~~~^^^^^^^^^^^^^^^^^
  File "C:\Users\Cmorenal\AppData\Local\Programs\Python\Python313\Lib\site-packages\selenium\webdriver\remote\webdriver.py", line 257, in __init__
    self.start_session(capabilities)
    ~~~~~~~~~~~~~~~~~~^^^^^^^^^^^^^^
  File "C:\Users\Cmorenal\AppData\Local\Programs\Python\Python313\Lib\site-packages\selenium\webdriver\remote\webdriver.py", line 352, in start_session
    response = self.execute(Command.NEW_SESSION, caps)["value"]
               ~~~~~~~~~~~~^^^^^^^^^^^^^^^^^^^^^^^^^^^
  File "C:\Users\Cmorenal\AppData\Local\Programs\Python\Python313\Lib\site-packages\selenium\webdriver\remote\webdriver.py", line 432, in execute
    self.error_handler.check_response(response)
    ~~~~~~~~~~~~~~~~~~~~~~~~~~~~~~~~~^^^^^^^^^^
  File "C:\Users\Cmorenal\AppData\Local\Programs\Python\Python313\Lib\site-packages\selenium\webdriver\remote\errorhandler.py", line 232, in check_response
    raise exception_class(message, screen, stacktrace)
selenium.common.exceptions.SessionNotCreatedException: Message: session not created: This version of ChromeDriver only supports Chrome version 146
Current browser version is 149.0.7827.54 with binary path C:\Program Files\Google\Chrome\Application\chrome.exe; For documentation on this error, please visit: https://www.selenium.dev/documentation/webdriver/troubleshooting/errors#sessionnotcreatedexception
Stacktrace:
	chromedriver!GetHandleVerifier [0x7ff6959029c5+2ed785]
	chromedriver!GetHandleVerifier [0x7ff69562a0d0+14e90]
	chromedriver!(No symbol) [0x7ff69538db2d]
	chromedriver!(No symbol) [0x7ff6953d5c3d]
	chromedriver!(No symbol) [0x7ff6953d4995]
	chromedriver!(No symbol) [0x7ff6953ceea7]
	chromedriver!(No symbol) [0x7ff6953c97a1]
	chromedriver!(No symbol) [0x7ff69541dc51]
	chromedriver!(No symbol) [0x7ff69541d4b6]
	chromedriver!(No symbol) [0x7ff6953d9298]
	chromedriver!(No symbol) [0x7ff6953da183]
	chromedriver!GetHandleVerifier [0x7ff69592de0d+318bcd]
	chromedriver!GetHandleVerifier [0x7ff695928588+313348]
	chromedriver!GetHandleVerifier [0x7ff695949d7a+334b3a]
	chromedriver!GetHandleVerifier [0x7ff695646785+31545]
	chromedriver!GetHandleVerifier [0x7ff69564facc+3a88c]
	chromedriver!GetHandleVerifier [0x7ff695633634+1e3f4]
	chromedriver!GetHandleVerifier [0x7ff6956337e6+1e5a6]
	chromedriver!GetHandleVerifier [0x7ff695617e37+2bf7]
	KERNEL32!BaseThreadInitThunk [0x7fff912ce8d7+17]
	ntdll!RtlUserThreadStart [0x7fff9255bf6c+2c]

2026-06-09 10:21:45,190 - CE1121 - ERROR - No se pudo iniciar el navegador para #compańía 00534.
2026-06-09 10:21:50,525 - CE1121 - ERROR - Error en descarga del informe de #compania 00533: _path_exists: path should be string, bytes, os.PathLike or integer, not NoneType
2026-06-09 10:21:50,526 - CE1121 - INFO - Reintentando para #compańía 00533... (Intento 2/3)
2026-06-09 10:21:55,190 - CE1121 - ERROR - Error en descarga del informe de #compania 00534: _path_exists: path should be string, bytes, os.PathLike or integer, not NoneType
2026-06-09 10:21:55,190 - CE1121 - INFO - Reintentando para #compańía 00534... (Intento 2/3)
2026-06-09 19:29:59,351 - CE1121 - ERROR - ValidaciĂłn de entorno fallĂł: No se encontrĂł una instalaciĂłn de Google Chrome. Instale Google Chrome o configure CHROME_BIN/GOOGLE_CHROME_BIN con la ruta de chrome.exe.
2026-06-09 14:56:13,193 - CE1121 - ERROR - Validación de entorno falló: No se pudo determinar la versión de Google Chrome instalada.
2026-06-09 15:09:50,362 - CE1121 - ERROR - Validación de entorno falló: No se pudo determinar la versión de Google Chrome instalada.
2026-06-09 15:18:28,304 - CE1121 - ERROR - Validación de entorno falló: No se pudo determinar la versión de Google Chrome instalada.
2026-06-09 15:28:14,705 - CE1121.driver - INFO - Versión detectada de Chrome: Created TensorFlow Lite XNNPACK delegate for CPU.
[40380:39440:0609/152701.314:ERROR:google_apis\gcm\engine\registration_request.cc:291] Registration response error message: DEPRECATED_ENDPOINT
[40380:38348:0609/152714.570:ERROR:chrome\browser\ui\webui\ntp\new_tab_ui.cc:54] Requested load of chrome://newtab/ for incorrect profile type.
[40380:38348:0609/152714.571:ERROR:chrome\browser\ui\webui\ntp\new_tab_ui.cc:54] Requested load of chrome://newtab/ for incorrect profile type.
[40380:39440:0609/152722.028:ERROR:google_apis\gcm\engine\connection_factory_impl.cc:435] Failed to connect to MCS endpoint with error -118
[40380:39440:0609/152730.828:ERROR:google_apis\gcm\engine\registration_request.cc:291] Registration response error message: DEPRECATED_ENDPOINT
[40380:38348:0609/152757.948:ERROR:chrome\browser\ui\webui\ntp\new_tab_ui.cc:54] Requested load of chrome://newtab/ for incorrect profile type.
[40380:38348:0609/152757.961:ERROR:chrome\browser\ui\webui\ntp\new_tab_ui.cc:54] Requested load of chrome://newtab/ for incorrect profile type.
[40380:38348:0609/152814.262:ERROR:chrome\browser\ui\webui\ntp\new_tab_ui.cc:54] Requested load of chrome://newtab/ for incorrect profile type.
2026-06-09 15:28:14,706 - CE1121 - ERROR - Validación de entorno falló: No se pudo determinar la versión de Google Chrome instalada.
2026-06-09 15:49:17,829 - CE1121.driver - INFO - Versión detectada de Chrome: Abriendo en una sesión existente del navegador
2026-06-09 15:49:17,830 - CE1121 - ERROR - Validación de entorno falló: No se pudo determinar la versión de Google Chrome instalada.
2026-06-09 15:51:25,955 - CE1121.driver - INFO - Versión detectada de Chrome: Abriendo en una sesión existente del navegador
2026-06-09 15:51:25,955 - CE1121 - ERROR - Validación de entorno falló: No se pudo determinar la versión de Google Chrome instalada.
2026-06-09 16:08:40,012 - CE1121 - INFO - Checkpoint cargado desde 'C:\RPA_finanzas\CE_FI_DA_1121_GESTION_CONTABILIZACION_ACTIVOS_FIJOS\Data\json\checkpoint.json'. Paso actual: descargar_informes
2026-06-09 16:08:40,012 - CE1121 - INFO - â”€â”€â”€ PASO 2: Descarga de informes â”€â”€â”€
2026-06-09 16:08:50,455 - CE1121 - INFO - Driver Selenium creado correctamente con webdriver-manager
2026-06-09 16:08:52,895 - CE1121 - INFO - Driver Selenium creado correctamente con webdriver-manager
2026-06-09 16:08:58,034 - CE1121 - ERROR - Error escribiendo texto en JDE (Password): Message: no such window: target window already closed
from unknown error: web view not found
  (Session info: chrome=149.0.7827.54)
Stacktrace:
	chromedriver!GetHandleVerifier [0xf9fa13+106c3]
	chromedriver!GetHandleVerifier [0xf9fa54+10704]
	chromedriver!(No symbol) [0xd9a830]
	chromedriver!(No symbol) [0xd79693]
	chromedriver!(No symbol) [0xe0c61b]
	chromedriver!(No symbol) [0xe22d59]
	chromedriver!(No symbol) [0xe06026]
	chromedriver!(No symbol) [0xdd9289]
	chromedriver!(No symbol) [0xdda054]
	chromedriver!GetHandleVerifier [0x12244fa+2951aa]
	chromedriver!GetHandleVerifier [0x121fb56+290806]
	chromedriver!GetHandleVerifier [0x123ff8b+2b0c3b]
	chromedriver!GetHandleVerifier [0xfb9ed6+2ab86]
	chromedriver!GetHandleVerifier [0xfc124d+31efd]
	chromedriver!GetHandleVerifier [0xfa83d8+19088]
	chromedriver!GetHandleVerifier [0xfa8585+19235]
	chromedriver!GetHandleVerifier [0xf9125f+1f0f]
	KERNEL32!BaseThreadInitThunk [0x76805d49+19]
	ntdll!RtlInitializeExceptionChain [0x76f2ce3b+6b]
	ntdll!RtlGetAppContainerNamedObjectPath [0x76f2cdc1+231]

2026-06-09 16:08:58,036 - CE1121 - ERROR - Error al hacer click en el elemento '//*[@id="mainLoginTable"]/tbody/tr[4]/td/input': Message: no such window: target window already closed
from unknown error: web view not found
  (Session info: chrome=149.0.7827.54)
Stacktrace:
	chromedriver!GetHandleVerifier [0xf9fa13+106c3]
	chromedriver!GetHandleVerifier [0xf9fa54+10704]
	chromedriver!(No symbol) [0xd9a830]
	chromedriver!(No symbol) [0xd79693]
	chromedriver!(No symbol) [0xe0c61b]
	chromedriver!(No symbol) [0xe22d59]
	chromedriver!(No symbol) [0xe06026]
	chromedriver!(No symbol) [0xdd9289]
	chromedriver!(No symbol) [0xdda054]
	chromedriver!GetHandleVerifier [0x12244fa+2951aa]
	chromedriver!GetHandleVerifier [0x121fb56+290806]
	chromedriver!GetHandleVerifier [0x123ff8b+2b0c3b]
	chromedriver!GetHandleVerifier [0xfb9ed6+2ab86]
	chromedriver!GetHandleVerifier [0xfc124d+31efd]
	chromedriver!GetHandleVerifier [0xfa83d8+19088]
	chromedriver!GetHandleVerifier [0xfa8585+19235]
	chromedriver!GetHandleVerifier [0xf9125f+1f0f]
	KERNEL32!BaseThreadInitThunk [0x76805d49+19]
	ntdll!RtlInitializeExceptionChain [0x76f2ce3b+6b]
	ntdll!RtlGetAppContainerNamedObjectPath [0x76f2cdc1+231]

2026-06-09 16:08:58,039 - CE1121 - ERROR - Error en descarga del informe de compaĂ±Ă­a 00533: Message: no such window: target window already closed
from unknown error: web view not found
  (Session info: chrome=149.0.7827.54)
Stacktrace:
	chromedriver!GetHandleVerifier [0xf9fa13+106c3]
	chromedriver!GetHandleVerifier [0xf9fa54+10704]
	chromedriver!(No symbol) [0xd9a830]
	chromedriver!(No symbol) [0xd79693]
	chromedriver!(No symbol) [0xe0c61b]
	chromedriver!(No symbol) [0xe22d59]
	chromedriver!(No symbol) [0xe06026]
	chromedriver!(No symbol) [0xdd9289]
	chromedriver!(No symbol) [0xdda054]
	chromedriver!GetHandleVerifier [0x12244fa+2951aa]
	chromedriver!GetHandleVerifier [0x121fb56+290806]
	chromedriver!GetHandleVerifier [0x123ff8b+2b0c3b]
	chromedriver!GetHandleVerifier [0xfb9ed6+2ab86]
	chromedriver!GetHandleVerifier [0xfc124d+31efd]
	chromedriver!GetHandleVerifier [0xfa83d8+19088]
	chromedriver!GetHandleVerifier [0xfa8585+19235]
	chromedriver!GetHandleVerifier [0xf9125f+1f0f]
	KERNEL32!BaseThreadInitThunk [0x76805d49+19]
	ntdll!RtlInitializeExceptionChain [0x76f2ce3b+6b]
	ntdll!RtlGetAppContainerNamedObjectPath [0x76f2cdc1+231]

2026-06-09 16:08:58,041 - CE1121 - INFO - Reintentando para compaĂ±Ă­a 00533... (Intento 1/3)
2026-06-09 16:09:01,813 - CE1121 - ERROR - Error en descarga del informe de compaĂ±Ă­a 00534: 'NoneType' object has no attribute 'is_displayed'
2026-06-09 16:09:01,813 - CE1121 - INFO - Reintentando para compaĂ±Ă­a 00534... (Intento 1/3)
2026-06-09 21:32:41,987 - CE1121 - INFO - datos leĂ­dos: 3 filas
2026-06-09 21:32:41,988 - CE1121 - WARNING - No se encontrĂł correo para el responsable: Alice
2026-06-09 21:32:41,995 - CE1121 - INFO - archivo guardado en /workspaces/finanzas/CE_FI_DA_1121_GESTION_CONTABILIZACION_ACTIVOS_FIJOS/App/Data/temp_dry/Bob/Bob.xlsx
2026-06-09 21:32:41,995 - CE1121 - INFO - [dry_run] Preparado para enviar a bob@example.com: Registros pendientes para Bob (adj: /workspaces/finanzas/CE_FI_DA_1121_GESTION_CONTABILIZACION_ACTIVOS_FIJOS/App/Data/temp_dry/Bob/Bob.xlsx)
2026-06-09 21:32:43,000 - CE1121 - WARNING - No se encontrĂł correo para el responsable: Charlie
2026-06-09 21:33:55,740 - CE1121 - INFO - datos leĂ­dos: 3 filas
2026-06-09 21:33:55,751 - CE1121 - INFO - archivo guardado en /workspaces/finanzas/CE_FI_DA_1121_GESTION_CONTABILIZACION_ACTIVOS_FIJOS/App/Data/temp_dry/Alice/Alice.xlsx
2026-06-09 21:33:55,751 - CE1121 - INFO - [dry_run] Preparado para enviar a alice@example.com: Registros pendientes para Alice (adj: /workspaces/finanzas/CE_FI_DA_1121_GESTION_CONTABILIZACION_ACTIVOS_FIJOS/App/Data/temp_dry/Alice/Alice.xlsx)
2026-06-09 21:33:56,759 - CE1121 - INFO - archivo guardado en /workspaces/finanzas/CE_FI_DA_1121_GESTION_CONTABILIZACION_ACTIVOS_FIJOS/App/Data/temp_dry/Bob/Bob.xlsx
2026-06-09 21:33:56,759 - CE1121 - INFO - [dry_run] Preparado para enviar a bob@example.com: Registros pendientes para Bob (adj: /workspaces/finanzas/CE_FI_DA_1121_GESTION_CONTABILIZACION_ACTIVOS_FIJOS/App/Data/temp_dry/Bob/Bob.xlsx)
2026-06-09 21:33:57,759 - CE1121 - WARNING - No se encontrĂł correo para el responsable: Charlie
2026-06-09 21:35:42,389 - CE1121 - INFO - datos leĂ­dos: 3 filas
2026-06-09 21:35:42,399 - CE1121 - INFO - archivo guardado en /workspaces/finanzas/CE_FI_DA_1121_GESTION_CONTABILIZACION_ACTIVOS_FIJOS/App/Data/temp_dry/Alice/Alice.xlsx
2026-06-09 21:35:42,399 - CE1121 - INFO - [dry_run] Preparado para enviar a alice@example.com: Registros pendientes para Alice (adj: /workspaces/finanzas/CE_FI_DA_1121_GESTION_CONTABILIZACION_ACTIVOS_FIJOS/App/Data/temp_dry/Alice/Alice.xlsx)
2026-06-09 21:35:43,407 - CE1121 - INFO - archivo guardado en /workspaces/finanzas/CE_FI_DA_1121_GESTION_CONTABILIZACION_ACTIVOS_FIJOS/App/Data/temp_dry/Bob/Bob.xlsx
2026-06-09 21:35:43,407 - CE1121 - INFO - [dry_run] Preparado para enviar a bob@example.com: Registros pendientes para Bob (adj: /workspaces/finanzas/CE_FI_DA_1121_GESTION_CONTABILIZACION_ACTIVOS_FIJOS/App/Data/temp_dry/Bob/Bob.xlsx)
2026-06-09 21:35:44,407 - CE1121 - WARNING - No se encontrĂł correo para el responsable: Charlie
